This is pdfTeX, Version 3.141592653-2.6-1.40.26 (MiKTeX 24.4) (preloaded format=pdflatex 2025.2.20)  2 JUN 2025 15:16
entering extended mode
 restricted \write18 enabled.
 file:line:error style messages enabled.
 %&-line parsing enabled.
**c:/Users/SwapnilBhavsar/Downloads/INT_Ausarbeitung_Vorlage_Latex_2023_SB/INT_Ausarbeitung_Vorlage_Latex_2023/main.tex
(c:/Users/SwapnilBhavsar/Downloads/INT_Ausarbeitung_Vorlage_Latex_2023_SB/INT_Ausarbeitung_Vorlage_Latex_2023/main.tex
LaTeX2e <2024-11-01> patch level 2
L3 programming layer <2025-01-18>
(C:\Users\SwapnilBhavsar\AppData\Roaming\MiKTeX\tex/latex/koma-script\scrreprt.cls
Document Class: scrreprt 2024/10/24 v3.43 KOMA-Script document class (report)
(C:\Users\SwapnilBhavsar\AppData\Roaming\MiKTeX\tex/latex/koma-script\scrkbase.sty
Package: scrkbase 2024/10/24 v3.43 KOMA-Script package (KOMA-Script-dependent basics and keyval usage)
 (C:\Users\SwapnilBhavsar\AppData\Roaming\MiKTeX\tex/latex/koma-script\scrbase.sty
Package: scrbase 2024/10/24 v3.43 KOMA-Script package (KOMA-Script-independent basics and keyval usage)
 (C:\Users\SwapnilBhavsar\AppData\Roaming\MiKTeX\tex/latex/koma-script\scrlfile.sty
Package: scrlfile 2024/10/24 v3.43 KOMA-Script package (file load hooks)
 (C:\Users\SwapnilBhavsar\AppData\Roaming\MiKTeX\tex/latex/koma-script\scrlfile-hook.sty
Package: scrlfile-hook 2024/10/24 v3.43 KOMA-Script package (using LaTeX hooks)
 (C:\Users\SwapnilBhavsar\AppData\Roaming\MiKTeX\tex/latex/koma-script\scrlogo.sty
Package: scrlogo 2024/10/24 v3.43 KOMA-Script package (logo)
))) (C:\Program Files\MiKTeX\tex/latex/graphics\keyval.sty
Package: keyval 2022/05/29 v1.15 key=value parser (DPC)
\KV@toks@=\toks17
)
Applying: [2021/05/01] Usage of raw or classic option list on input line 254.
Already applied: [0000/00/00] Usage of raw or classic option list on input line 370.
)) (C:\Users\SwapnilBhavsar\AppData\Roaming\MiKTeX\tex/latex/koma-script\tocbasic.sty
Package: tocbasic 2024/10/24 v3.43 KOMA-Script package (handling toc-files)
\scr@dte@tocline@numberwidth=\skip49
\scr@dte@tocline@numbox=\box52
)
Package tocbasic Info: omitting babel extension for `toc'
(tocbasic)             because of feature `nobabel' available
(tocbasic)             for `toc' on input line 137.
Class scrreprt Info: You've used standard option `openany'.
(scrreprt)           This is correct!
(scrreprt)           Internally I'm using `open=any'.
(scrreprt)           If you'd like to set the option with \KOMAoptions,
(scrreprt)           you'd have to use `open=any' there
(scrreprt)           instead of `openany', too.
Class scrreprt Info: Switching compatibility level to `first'.


Class scrreprt Warning: Switching back to an old KOMA-Script release does
(scrreprt)              not mean, that KOMA-Script is fully compatible with
(scrreprt)              the old release. If you need full compatibility
(scrreprt)              to an old KOMA-Script release, you should use that
(scrreprt)              old KOMA-Script release. However, in that case you
(scrreprt)              could also need old releases of other packages and
(scrreprt)              even of the LaTeX kernel.
(scrreprt)              Please also note, that the KOMA-Script developers
(scrreprt)              refuse support for documents using `version=first'.
(scrreprt)              We recommend to eliminate all deprecated options
(scrreprt)              and commands. We also recommend to not use option
(scrreprt)              `version', i.e., with other values than `last'.

Class scrreprt Info: File `scrsize12pt.clo' used to setup font sizes on input line 2713.
(C:\Users\SwapnilBhavsar\AppData\Roaming\MiKTeX\tex/latex/koma-script\scrsize12pt.clo
File: scrsize12pt.clo 2024/10/24 v3.43 KOMA-Script font size class option (12pt)
) (C:\Users\SwapnilBhavsar\AppData\Roaming\MiKTeX\tex/latex/koma-script\typearea.sty
Package: typearea 2024/10/24 v3.43 KOMA-Script package (type area)
\ta@bcor=\skip50
\ta@div=\count196
Package typearea Info: Switching compatibility level to `first'.


Package typearea Warning: Switching back to an old KOMA-Script release does
(typearea)                not mean, that KOMA-Script is fully compatible with
(typearea)                the old release. If you need full compatibility
(typearea)                to an old KOMA-Script release, you should use that
(typearea)                old KOMA-Script release. However, in that case you
(typearea)                could also need old releases of other packages and
(typearea)                even of the LaTeX kernel.
(typearea)                Please also note, that the KOMA-Script developers
(typearea)                refuse support for documents using `version=first'.
(typearea)                We recommend to eliminate all deprecated options
(typearea)                and commands. We also recommend to not use option
(typearea)                `version', i.e., with other values than `last'.


Package typearea Warning: You've used deprecated option `BCOR10mm'.
(typearea)                Usage of this option indicates an old document
(typearea)                and changes compatibility level using
(typearea)                `BCOR=10mm,version=first,
(typearea)                enabledeprecatedfontcommands' that may result
(typearea)                in further warnings.
(typearea)                If you don't want this, you should simply
(typearea)                replace option `BCOR10mm' by `BCOR=10mm'.

Package typearea Info: Switching compatibility level to `first'.

Package typearea Warning: Switching back to an old KOMA-Script release does
(typearea)                not mean, that KOMA-Script is fully compatible with
(typearea)                the old release. If you need full compatibility
(typearea)                to an old KOMA-Script release, you should use that
(typearea)                old KOMA-Script release. However, in that case you
(typearea)                could also need old releases of other packages and
(typearea)                even of the LaTeX kernel.
(typearea)                Please also note, that the KOMA-Script developers
(typearea)                refuse support for documents using `version=first'.
(typearea)                We recommend to eliminate all deprecated options
(typearea)                and commands. We also recommend to not use option
(typearea)                `version', i.e., with other values than `last'.

\ta@hblk=\skip51
\ta@vblk=\skip52
\ta@temp=\skip53
\footheight=\skip54
Package typearea Info: These are the values describing the layout:
(typearea)             DIV  = 12
(typearea)             BCOR = 28.45274pt
(typearea)             \paperwidth      = 597.50793pt
(typearea)              \textwidth      = 426.7914pt
(typearea)              DIV departure   = -1%
(typearea)              \evensidemargin = 27.31465pt
(typearea)              \oddsidemargin  = 27.31465pt
(typearea)             \paperheight     = 845.04694pt
(typearea)              \textheight     = 592.0pt
(typearea)              \topmargin      = -1.84941pt
(typearea)              \headheight     = 20.29991pt
(typearea)              \headsep        = 21.75pt
(typearea)              \topskip        = 12.0pt
(typearea)              \footskip       = 50.75pt
(typearea)              \baselineskip   = 14.5pt
(typearea)              on input line 1802.
)
\c@part=\count197
\c@chapter=\count198
\c@section=\count199
\c@subsection=\count266
\c@subsubsection=\count267
\c@paragraph=\count268
\c@subparagraph=\count269
\scr@dte@chapter@maxnumwidth=\skip55
Class scrreprt Info: using compatibility default `afterindent=bysign'
(scrreprt)           for `\chapter on input line 6020.
\scr@dte@section@maxnumwidth=\skip56
Class scrreprt Info: using compatibility default `runin=bysign'
(scrreprt)           for `\section on input line 6031.
Class scrreprt Info: using compatibility default `afterindent=bysign'
(scrreprt)           for `\section on input line 6031.
\scr@dte@part@maxnumwidth=\skip57
Class scrreprt Info: using compatibility default `afterindent=true'
(scrreprt)           for `\part on input line 6040.
\scr@dte@subsection@maxnumwidth=\skip58
Class scrreprt Info: using compatibility default `runin=bysign'
(scrreprt)           for `\subsection on input line 6050.
Class scrreprt Info: using compatibility default `afterindent=bysign'
(scrreprt)           for `\subsection on input line 6050.
\scr@dte@subsubsection@maxnumwidth=\skip59
Class scrreprt Info: using compatibility default `runin=bysign'
(scrreprt)           for `\subsubsection on input line 6060.
Class scrreprt Info: using compatibility default `afterindent=bysign'
(scrreprt)           for `\subsubsection on input line 6060.
\scr@dte@paragraph@maxnumwidth=\skip60
Class scrreprt Info: using compatibility default `runin=bysign'
(scrreprt)           for `\paragraph on input line 6071.
Class scrreprt Info: using compatibility default `afterindent=bysign'
(scrreprt)           for `\paragraph on input line 6071.
\scr@dte@subparagraph@maxnumwidth=\skip61
Class scrreprt Info: using compatibility default `runin=bysign'
(scrreprt)           for `\subparagraph on input line 6081.
Class scrreprt Info: using compatibility default `afterindent=bysign'
(scrreprt)           for `\subparagraph on input line 6081.
\abovecaptionskip=\skip62
\belowcaptionskip=\skip63
\c@pti@nb@sid@b@x=\box53
Package tocbasic Info: omitting babel extension for `lof'
(tocbasic)             because of feature `nobabel' available
(tocbasic)             for `lof' on input line 7269.
\scr@dte@figure@maxnumwidth=\skip64
\c@figure=\count270
Package tocbasic Info: omitting babel extension for `lot'
(tocbasic)             because of feature `nobabel' available
(tocbasic)             for `lot' on input line 7286.
\scr@dte@table@maxnumwidth=\skip65
\c@table=\count271
Class scrreprt Info: Using old \@makefntext due to compatibility level
(scrreprt)           less than 3.22 on input line 7444.
Class scrreprt Info: Redefining `\numberline' on input line 7457.
\bibindent=\dimen141
) (Einstellungen/Labels.tex)

LaTeX Warning: \include should only be used after \begin{document} on input line 36.

(Einstellungen/Praeambel.tex (C:\Users\SwapnilBhavsar\AppData\Roaming\MiKTeX\tex/latex/ntgclass\a4.sty
Package: a4 2023/01/10 v1.2g A4 based page layout
) (C:\Users\SwapnilBhavsar\AppData\Roaming\MiKTeX\tex/latex/lastpage\lastpage.sty
Package: lastpage 2025/01/27 v2.1e lastpage: 2.09 or 2e? (HMM)
 (C:\Users\SwapnilBhavsar\AppData\Roaming\MiKTeX\tex/latex/lastpage\lastpage2e.sty
Package: lastpage2e 2025/01/27 v2.1e Decide which 2e lastpage version to use (HMM)
 (C:\Users\SwapnilBhavsar\AppData\Roaming\MiKTeX\tex/latex/lastpage\lastpagemodern.sty
Package: lastpagemodern 2025-01-27 v2.1e Refers to last page's name (HMM; JPG)
\c@lastpagecount=\count272
) 
)) (C:\Program Files\MiKTeX\tex/latex/graphics\lscape.sty
Package: lscape 2020/05/28 v3.02 Landscape Pages (DPC)
 (C:\Program Files\MiKTeX\tex/latex/graphics\graphics.sty
Package: graphics 2024/08/06 v1.4g Standard LaTeX Graphics (DPC,SPQR)
 (C:\Program Files\MiKTeX\tex/latex/graphics\trig.sty
Package: trig 2023/12/02 v1.11 sin cos tan (DPC)
) (C:\Program Files\MiKTeX\tex/latex/graphics-cfg\graphics.cfg
File: graphics.cfg 2016/06/04 v1.11 sample graphics configuration
)
Package graphics Info: Driver file: pdftex.def on input line 106.
 (C:\Program Files\MiKTeX\tex/latex/graphics-def\pdftex.def
File: pdftex.def 2024/04/13 v1.2c Graphics/color driver for pdftex
))) (C:\Program Files\MiKTeX\tex/latex/graphics\rotating.sty
Package: rotating 2016/08/11 v2.16d rotated objects in LaTeX
 (C:\Program Files\MiKTeX\tex/latex/graphics\graphicx.sty
Package: graphicx 2021/09/16 v1.2d Enhanced LaTeX Graphics (DPC,SPQR)
\Gin@req@height=\dimen142
\Gin@req@width=\dimen143
) (C:\Program Files\MiKTeX\tex/latex/base\ifthen.sty
Package: ifthen 2024/03/16 v1.1e Standard LaTeX ifthen package (DPC)
)
\c@r@tfl@t=\count273
\rotFPtop=\skip66
\rotFPbot=\skip67
\rot@float@box=\box54
\rot@mess@toks=\toks18
) (C:\Program Files\MiKTeX\tex/generic/babel\babel.sty
Package: babel 2025/02/02 v25.3 The multilingual framework for pdfLaTeX, LuaLaTeX and XeLaTeX
\babel@savecnt=\count274
\U@D=\dimen144
\l@unhyphenated=\language79
 (C:\Program Files\MiKTeX\tex/generic/babel\txtbabel.def)
\bbl@readstream=\read2
\bbl@dirlevel=\count275

*************************************
* Local config file bblopts.cfg used
*
(C:\Program Files\MiKTeX\tex/latex/arabi\bblopts.cfg
File: bblopts.cfg 2005/09/08 v0.1 add Arabic and Farsi to "declared" options of babel
) (C:\Program Files\MiKTeX\tex/latex/babel-english\english.ldf
Language: english 2017/06/06 v3.3r English support from the babel system
Package babel Info: Hyphen rules for 'canadian' set to \l@english
(babel)             (\language0). Reported on input line 102.
Package babel Info: Hyphen rules for 'australian' set to \l@ukenglish
(babel)             (\language73). Reported on input line 105.
Package babel Info: Hyphen rules for 'newzealand' set to \l@ukenglish
(babel)             (\language73). Reported on input line 108.
)) (C:\Program Files\MiKTeX\tex/generic/babel/locale/en\babel-english.tex
Package babel Info: Importing font and identification data for english
(babel)             from babel-en.ini. Reported on input line 11.
) (C:\Program Files\MiKTeX\tex/latex/base\inputenc.sty
Package: inputenc 2024/02/08 v1.3d Input encoding file
\inpenc@prehook=\toks19
\inpenc@posthook=\toks20
 (C:\Program Files\MiKTeX\tex/latex/base\ansinew.def
File: ansinew.def 2024/02/08 v1.3d Input encoding file
)) (C:\Program Files\MiKTeX\tex/latex/base\fontenc.sty
Package: fontenc 2021/04/29 v2.0v Standard LaTeX package
) (C:\Program Files\MiKTeX\tex/latex/lm\lmodern.sty
Package: lmodern 2015/05/01 v1.6.1 Latin Modern Fonts
LaTeX Font Info:    Overwriting symbol font `operators' in version `normal'
(Font)                  OT1/cmr/m/n --> OT1/lmr/m/n on input line 22.
LaTeX Font Info:    Overwriting symbol font `letters' in version `normal'
(Font)                  OML/cmm/m/it --> OML/lmm/m/it on input line 23.
LaTeX Font Info:    Overwriting symbol font `symbols' in version `normal'
(Font)                  OMS/cmsy/m/n --> OMS/lmsy/m/n on input line 24.
LaTeX Font Info:    Overwriting symbol font `largesymbols' in version `normal'
(Font)                  OMX/cmex/m/n --> OMX/lmex/m/n on input line 25.
LaTeX Font Info:    Overwriting symbol font `operators' in version `bold'
(Font)                  OT1/cmr/bx/n --> OT1/lmr/bx/n on input line 26.
LaTeX Font Info:    Overwriting symbol font `letters' in version `bold'
(Font)                  OML/cmm/b/it --> OML/lmm/b/it on input line 27.
LaTeX Font Info:    Overwriting symbol font `symbols' in version `bold'
(Font)                  OMS/cmsy/b/n --> OMS/lmsy/b/n on input line 28.
LaTeX Font Info:    Overwriting symbol font `largesymbols' in version `bold'
(Font)                  OMX/cmex/m/n --> OMX/lmex/m/n on input line 29.
LaTeX Font Info:    Overwriting math alphabet `\mathbf' in version `normal'
(Font)                  OT1/cmr/bx/n --> OT1/lmr/bx/n on input line 31.
LaTeX Font Info:    Overwriting math alphabet `\mathsf' in version `normal'
(Font)                  OT1/cmss/m/n --> OT1/lmss/m/n on input line 32.
LaTeX Font Info:    Overwriting math alphabet `\mathit' in version `normal'
(Font)                  OT1/cmr/m/it --> OT1/lmr/m/it on input line 33.
LaTeX Font Info:    Overwriting math alphabet `\mathtt' in version `normal'
(Font)                  OT1/cmtt/m/n --> OT1/lmtt/m/n on input line 34.
LaTeX Font Info:    Overwriting math alphabet `\mathbf' in version `bold'
(Font)                  OT1/cmr/bx/n --> OT1/lmr/bx/n on input line 35.
LaTeX Font Info:    Overwriting math alphabet `\mathsf' in version `bold'
(Font)                  OT1/cmss/bx/n --> OT1/lmss/bx/n on input line 36.
LaTeX Font Info:    Overwriting math alphabet `\mathit' in version `bold'
(Font)                  OT1/cmr/bx/it --> OT1/lmr/bx/it on input line 37.
LaTeX Font Info:    Overwriting math alphabet `\mathtt' in version `bold'
(Font)                  OT1/cmtt/m/n --> OT1/lmtt/m/n on input line 38.
) (C:\Users\SwapnilBhavsar\AppData\Roaming\MiKTeX\tex/latex/psnfss\helvet.sty
Package: helvet 2020/03/25 PSNFSS-v9.3 (WaS) 
) (C:\Users\SwapnilBhavsar\AppData\Roaming\MiKTeX\tex/latex/caption\caption.sty
Package: caption 2023/08/05 v3.6o Customizing captions (AR)
 (C:\Users\SwapnilBhavsar\AppData\Roaming\MiKTeX\tex/latex/caption\caption3.sty
Package: caption3 2023/07/31 v2.4d caption3 kernel (AR)
\caption@tempdima=\dimen145
\captionmargin=\dimen146
\caption@leftmargin=\dimen147
\caption@rightmargin=\dimen148
\caption@width=\dimen149
\caption@indent=\dimen150
\caption@parindent=\dimen151
\caption@hangindent=\dimen152
Package caption Info: KOMA-Script document class detected.
 (C:\Users\SwapnilBhavsar\AppData\Roaming\MiKTeX\tex/latex/caption\caption-koma.sto
File: caption-koma.sto 2023/09/08 v2.0e Adaption of the caption package to the KOMA-Script document classes (AR)
))
\c@caption@flags=\count276
\c@continuedfloat=\count277
Package caption Info: rotating package is loaded.
Package caption Info: KOMA-Script scrextend package detected.
\caption@addmargin@hsize=\dimen153
\caption@addmargin@linewidth=\dimen154
) (C:\Program Files\MiKTeX\tex/latex/tools\verbatim.sty
Package: verbatim 2024-01-22 v1.5x LaTeX2e package for verbatim enhancements
\every@verbatim=\toks21
\verbatim@line=\toks22
\verbatim@in@stream=\read3
)
Package scrkbase Info: You've told me to redefine the font selection of the
(scrkbase)             element `sectioning' that is an alias of element
(scrkbase)             `disposition' on input line 26.
 (C:\Users\SwapnilBhavsar\AppData\Roaming\MiKTeX\tex/latex/subfigure\subfigure.sty
Package: subfigure 2002/07/30 v2.1.4 subfigure package
\subfigtopskip=\skip68
\subfigcapskip=\skip69
\subfigcaptopadj=\dimen155
\subfigbottomskip=\skip70
\subfigcapmargin=\dimen156
\subfiglabelskip=\skip71
\c@subfigure=\count278
\c@lofdepth=\count279
\c@subtable=\count280
\c@lotdepth=\count281

****************************************
* Local config file subfigure.cfg used *
****************************************
(C:\Users\SwapnilBhavsar\AppData\Roaming\MiKTeX\tex/latex/subfigure\subfigure.cfg)
\subfig@top=\skip72
\subfig@bottom=\skip73
) (C:\Program Files\MiKTeX\tex/latex/graphics\epsfig.sty
Package: epsfig 2024/01/14 v1.7b (e)psfig emulation (SPQR)
\epsfxsize=\dimen157
\epsfysize=\dimen158
) (C:\Users\SwapnilBhavsar\AppData\Roaming\MiKTeX\tex/latex/psfrag\psfrag.sty
Package: psfrag 1998/04/11 v3.04 PSfrag (MCG)
\pfg@pcount=\count282
\pfg@scount=\count283
\pfg@temp=\write3
) (C:\Users\SwapnilBhavsar\AppData\Roaming\MiKTeX\tex/latex/svg\svg.sty
Package: svg 2020/11/26 v2.02k (include SVG pictures)
 (C:\Program Files\MiKTeX\tex/generic/iftex\iftex.sty
Package: iftex 2024/12/12 v1.0g TeX engine tests
) (C:\Program Files\MiKTeX\tex/generic/pdftexcmds\pdftexcmds.sty
Package: pdftexcmds 2020-06-27 v0.33 Utility functions of pdfTeX for LuaTeX (HO)
 (C:\Users\SwapnilBhavsar\AppData\Roaming\MiKTeX\tex/generic/infwarerr\infwarerr.sty
Package: infwarerr 2019/12/03 v1.5 Providing info/warning/error messages (HO)
) (C:\Users\SwapnilBhavsar\AppData\Roaming\MiKTeX\tex/generic/ltxcmds\ltxcmds.sty
Package: ltxcmds 2023-12-04 v1.26 LaTeX kernel commands for general use (HO)
)
Package pdftexcmds Info: \pdf@primitive is available.
Package pdftexcmds Info: \pdf@ifprimitive is available.
Package pdftexcmds Info: \pdfdraftmode found.
) (C:\Program Files\MiKTeX\tex/latex/trimspaces\trimspaces.sty
Package: trimspaces 2009/09/17 v1.1 Trim spaces around a token list
) (C:\Program Files\MiKTeX\tex/latex/tools\shellesc.sty
Package: shellesc 2023/07/08 v1.0d unified shell escape interface for LaTeX
Package shellesc Info: Restricted shell escape enabled on input line 77.
)
\c@svg@param@lastpage=\count284
\svg@box=\box55
\c@svg@param@currpage=\count285
) (C:\Program Files\MiKTeX\tex/latex/xcolor\xcolor.sty
Package: xcolor 2024/09/29 v3.02 LaTeX color extensions (UK)
 (C:\Program Files\MiKTeX\tex/latex/graphics-cfg\color.cfg
File: color.cfg 2016/01/02 v1.6 sample color configuration
)
Package xcolor Info: Driver file: pdftex.def on input line 274.
 (C:\Program Files\MiKTeX\tex/latex/graphics\mathcolor.ltx)
Package xcolor Info: Model `cmy' substituted by `cmy0' on input line 1349.
Package xcolor Info: Model `hsb' substituted by `rgb' on input line 1353.
Package xcolor Info: Model `RGB' extended on input line 1365.
Package xcolor Info: Model `HTML' substituted by `rgb' on input line 1367.
Package xcolor Info: Model `Hsb' substituted by `hsb' on input line 1368.
Package xcolor Info: Model `tHsb' substituted by `hsb' on input line 1369.
Package xcolor Info: Model `HSB' substituted by `hsb' on input line 1370.
Package xcolor Info: Model `Gray' substituted by `gray' on input line 1371.
Package xcolor Info: Model `wave' substituted by `hsb' on input line 1372.
) (C:\Users\SwapnilBhavsar\AppData\Roaming\MiKTeX\tex/latex/transparent\transparent.sty
Package: transparent 2022-10-27 v1.5 Transparency with color stacks
 (C:\Users\SwapnilBhavsar\AppData\Roaming\MiKTeX\tex/latex/transparent\transparent-nometadata.sty
Package: transparent-nometadata 2022-10-27 v1.5 Transparency via pdfTeX's color stack (HO)
 (C:\Users\SwapnilBhavsar\AppData\Roaming\MiKTeX\tex/latex/auxhook\auxhook.sty
Package: auxhook 2019-12-17 v1.6 Hooks for auxiliary files (HO)
))) (C:\Program Files\MiKTeX\tex/latex/pgf/systemlayer\pgfsys.sty (C:\Program Files\MiKTeX\tex/latex/pgf/utilities\pgfrcs.sty (C:\Program Files\MiKTeX\tex/generic/pgf/utilities\pgfutil-common.tex
\pgfutil@everybye=\toks23
\pgfutil@tempdima=\dimen159
\pgfutil@tempdimb=\dimen160
) (C:\Program Files\MiKTeX\tex/generic/pgf/utilities\pgfutil-latex.def
\pgfutil@abb=\box56
) (C:\Program Files\MiKTeX\tex/generic/pgf/utilities\pgfrcs.code.tex (C:\Program Files\MiKTeX\tex/generic/pgf\pgf.revision.tex)
Package: pgfrcs 2023-01-15 v3.1.10 (3.1.10)
)) (C:\Program Files\MiKTeX\tex/generic/pgf/systemlayer\pgfsys.code.tex
Package: pgfsys 2023-01-15 v3.1.10 (3.1.10)
 (C:\Program Files\MiKTeX\tex/generic/pgf/utilities\pgfkeys.code.tex
\pgfkeys@pathtoks=\toks24
\pgfkeys@temptoks=\toks25
 (C:\Program Files\MiKTeX\tex/generic/pgf/utilities\pgfkeyslibraryfiltered.code.tex
\pgfkeys@tmptoks=\toks26
))
\pgf@x=\dimen161
\pgf@y=\dimen162
\pgf@xa=\dimen163
\pgf@ya=\dimen164
\pgf@xb=\dimen165
\pgf@yb=\dimen166
\pgf@xc=\dimen167
\pgf@yc=\dimen168
\pgf@xd=\dimen169
\pgf@yd=\dimen170
\w@pgf@writea=\write4
\r@pgf@reada=\read4
\c@pgf@counta=\count286
\c@pgf@countb=\count287
\c@pgf@countc=\count288
\c@pgf@countd=\count289
\t@pgf@toka=\toks27
\t@pgf@tokb=\toks28
\t@pgf@tokc=\toks29
\pgf@sys@id@count=\count290
 (C:\Program Files\MiKTeX\tex/generic/pgf/systemlayer\pgf.cfg
File: pgf.cfg 2023-01-15 v3.1.10 (3.1.10)
)
Driver file for pgf: pgfsys-pdftex.def
 (C:\Program Files\MiKTeX\tex/generic/pgf/systemlayer\pgfsys-pdftex.def
File: pgfsys-pdftex.def 2023-01-15 v3.1.10 (3.1.10)
 (C:\Program Files\MiKTeX\tex/generic/pgf/systemlayer\pgfsys-common-pdf.def
File: pgfsys-common-pdf.def 2023-01-15 v3.1.10 (3.1.10)
))) (C:\Program Files\MiKTeX\tex/generic/pgf/systemlayer\pgfsyssoftpath.code.tex
File: pgfsyssoftpath.code.tex 2023-01-15 v3.1.10 (3.1.10)
\pgfsyssoftpath@smallbuffer@items=\count291
\pgfsyssoftpath@bigbuffer@items=\count292
) (C:\Program Files\MiKTeX\tex/generic/pgf/systemlayer\pgfsysprotocol.code.tex
File: pgfsysprotocol.code.tex 2023-01-15 v3.1.10 (3.1.10)
)) (C:\Program Files\MiKTeX\tex/latex/epstopdf-pkg\epstopdf.sty
Package: epstopdf 2020-01-24 v2.11 Conversion with epstopdf on the fly (HO)
 (C:\Users\SwapnilBhavsar\AppData\Roaming\MiKTeX\tex/latex/grfext\grfext.sty
Package: grfext 2019/12/03 v1.3 Manage graphics extensions (HO)
 (C:\Users\SwapnilBhavsar\AppData\Roaming\MiKTeX\tex/generic/kvdefinekeys\kvdefinekeys.sty
Package: kvdefinekeys 2019-12-19 v1.6 Define keys (HO)
)) (C:\Users\SwapnilBhavsar\AppData\Roaming\MiKTeX\tex/latex/kvoptions\kvoptions.sty
Package: kvoptions 2022-06-15 v3.15 Key value format for package options (HO)
 (C:\Users\SwapnilBhavsar\AppData\Roaming\MiKTeX\tex/latex/kvsetkeys\kvsetkeys.sty
Package: kvsetkeys 2022-10-05 v1.19 Key value parser (HO)
)) (C:\Program Files\MiKTeX\tex/latex/epstopdf-pkg\epstopdf-base.sty
Package: epstopdf-base 2020-01-24 v2.11 Base part for package epstopdf
Package epstopdf-base Info: Redefining graphics rule for `.eps' on input line 485.
Package grfext Info: Graphics extension search list:
(grfext)             [.pdf,.png,.jpg,.mps,.jpeg,.jbig2,.jb2,.PDF,.PNG,.JPG,.JPEG,.JBIG2,.JB2,.eps]
(grfext)             \AppendGraphicsExtensions on input line 504.
 (C:\Program Files\MiKTeX\tex/latex/00miktex\epstopdf-sys.cfg
File: epstopdf-sys.cfg 2021/03/18 v2.0 Configuration of epstopdf for MiKTeX
))) (C:\Program Files\MiKTeX\tex/latex/tools\array.sty
Package: array 2024/10/17 v2.6g Tabular extension package (FMi)
\col@sep=\dimen171
\ar@mcellbox=\box57
\extrarowheight=\dimen172
\NC@list=\toks30
\extratabsurround=\skip74
\backup@length=\skip75
\ar@cellbox=\box58
) (C:\Program Files\MiKTeX\tex/latex/tools\dcolumn.sty
Package: dcolumn 2023/07/08 v1.06 decimal alignment package (DPC)
) (C:\Users\SwapnilBhavsar\AppData\Roaming\MiKTeX\tex/latex/multirow\multirow.sty
Package: multirow 2024/11/12 v2.9 Span multiple rows of a table
\multirow@colwidth=\skip76
\multirow@cntb=\count293
\multirow@dima=\skip77
\bigstrutjot=\dimen173
) (C:\Program Files\MiKTeX\tex/latex/tools\tabularx.sty
Package: tabularx 2023/12/11 v2.12a `tabularx' package (DPC)
\TX@col@width=\dimen174
\TX@old@table=\dimen175
\TX@old@col=\dimen176
\TX@target=\dimen177
\TX@delta=\dimen178
\TX@cols=\count294
\TX@ftn=\toks31
) (C:\Users\SwapnilBhavsar\AppData\Roaming\MiKTeX\tex/latex/booktabs\booktabs.sty
Package: booktabs 2020/01/12 v1.61803398 Publication quality tables
\heavyrulewidth=\dimen179
\lightrulewidth=\dimen180
\cmidrulewidth=\dimen181
\belowrulesep=\dimen182
\belowbottomsep=\dimen183
\aboverulesep=\dimen184
\abovetopsep=\dimen185
\cmidrulesep=\dimen186
\cmidrulekern=\dimen187
\defaultaddspace=\dimen188
\@cmidla=\count295
\@cmidlb=\count296
\@aboverulesep=\dimen189
\@belowrulesep=\dimen190
\@thisruleclass=\count297
\@lastruleclass=\count298
\@thisrulewidth=\dimen191
) (C:\Program Files\MiKTeX\tex/latex/tools\longtable.sty
Package: longtable 2024-10-27 v4.22 Multi-page Table package (DPC)
\LTleft=\skip78
\LTright=\skip79
\LTpre=\skip80
\LTpost=\skip81
\LTchunksize=\count299
\LTcapwidth=\dimen192
\LT@head=\box59
\LT@firsthead=\box60
\LT@foot=\box61
\LT@lastfoot=\box62
\LT@gbox=\box63
\LT@cols=\count300
\LT@rows=\count301
\c@LT@tables=\count302
\c@LT@chunks=\count303
\LT@p@ftn=\toks32
)
Class scrreprt Info: longtable captions redefined on input line 49.
 (C:\Program Files\MiKTeX\tex/latex/amsmath\amsmath.sty
Package: amsmath 2024/11/05 v2.17t AMS math features
\@mathmargin=\skip82

For additional information on amsmath, use the `?' option.
(C:\Program Files\MiKTeX\tex/latex/amsmath\amstext.sty
Package: amstext 2021/08/26 v2.01 AMS text
 (C:\Program Files\MiKTeX\tex/latex/amsmath\amsgen.sty
File: amsgen.sty 1999/11/30 v2.0 generic functions
\@emptytoks=\toks33
\ex@=\dimen193
)) (C:\Program Files\MiKTeX\tex/latex/amsmath\amsbsy.sty
Package: amsbsy 1999/11/29 v1.2d Bold Symbols
\pmbraise@=\dimen194
) (C:\Program Files\MiKTeX\tex/latex/amsmath\amsopn.sty
Package: amsopn 2022/04/08 v2.04 operator names
)
\inf@bad=\count304
LaTeX Info: Redefining \frac on input line 233.
\uproot@=\count305
\leftroot@=\count306
LaTeX Info: Redefining \overline on input line 398.
LaTeX Info: Redefining \colon on input line 409.
\classnum@=\count307
\DOTSCASE@=\count308
LaTeX Info: Redefining \ldots on input line 495.
LaTeX Info: Redefining \dots on input line 498.
LaTeX Info: Redefining \cdots on input line 619.
\Mathstrutbox@=\box64
\strutbox@=\box65
LaTeX Info: Redefining \big on input line 721.
LaTeX Info: Redefining \Big on input line 722.
LaTeX Info: Redefining \bigg on input line 723.
LaTeX Info: Redefining \Bigg on input line 724.
\big@size=\dimen195
LaTeX Font Info:    Redeclaring font encoding OML on input line 742.
LaTeX Font Info:    Redeclaring font encoding OMS on input line 743.
\macc@depth=\count309
LaTeX Info: Redefining \bmod on input line 904.
LaTeX Info: Redefining \pmod on input line 909.
LaTeX Info: Redefining \smash on input line 939.
LaTeX Info: Redefining \relbar on input line 969.
LaTeX Info: Redefining \Relbar on input line 970.
\c@MaxMatrixCols=\count310
\dotsspace@=\muskip17
\c@parentequation=\count311
\dspbrk@lvl=\count312
\tag@help=\toks34
\row@=\count313
\column@=\count314
\maxfields@=\count315
\andhelp@=\toks35
\eqnshift@=\dimen196
\alignsep@=\dimen197
\tagshift@=\dimen198
\tagwidth@=\dimen199
\totwidth@=\dimen256
\lineht@=\dimen257
\@envbody=\toks36
\multlinegap=\skip83
\multlinetaggap=\skip84
\mathdisplay@stack=\toks37
LaTeX Info: Redefining \[ on input line 2953.
LaTeX Info: Redefining \] on input line 2954.
) (C:\Program Files\MiKTeX\tex/latex/amsfonts\amsfonts.sty
Package: amsfonts 2013/01/14 v3.01 Basic AMSFonts support
\symAMSa=\mathgroup4
\symAMSb=\mathgroup5
LaTeX Font Info:    Redeclaring math symbol \hbar on input line 98.
LaTeX Font Info:    Overwriting math alphabet `\mathfrak' in version `bold'
(Font)                  U/euf/m/n --> U/euf/b/n on input line 106.
) (C:\Program Files\MiKTeX\tex/latex/amsfonts\amssymb.sty
Package: amssymb 2013/01/14 v3.01 AMS font symbols
) (C:\Users\SwapnilBhavsar\AppData\Roaming\MiKTeX\tex/latex/wasysym\wasysym.sty
Package: wasysym 2020/01/19 v2.4 Wasy-2 symbol support package
\symwasy=\mathgroup6
LaTeX Font Info:    Overwriting symbol font `wasy' in version `bold'
(Font)                  U/wasy/m/n --> U/wasy/b/n on input line 93.
) (C:\Users\SwapnilBhavsar\AppData\Roaming\MiKTeX\tex/latex/was\upgreek.sty
Package: upgreek 2003/02/12 v2.0 (WaS)
Package upgreek Info: Using Euler Roman for upright Greek on input line 31.
\symugrf@m=\mathgroup7
LaTeX Font Info:    Overwriting symbol font `ugrf@m' in version `bold'
(Font)                  U/eur/m/n --> U/eur/b/n on input line 38.
) (C:\Users\SwapnilBhavsar\AppData\Roaming\MiKTeX\tex/latex/mdwtools\mdwlist.sty
Package: mdwlist 1996/05/02 1.1 Various list-related things
) (C:\Users\SwapnilBhavsar\AppData\Roaming\MiKTeX\tex/latex/paralist\paralist.sty
Package: paralist 2017/01/22 v2.7 Extended list environments
\pltopsep=\skip85
\plpartopsep=\skip86
\plitemsep=\skip87
\plparsep=\skip88
\pl@lab=\toks38
) (C:\Program Files\MiKTeX\tex/latex/hyperref\hyperref.sty
Package: hyperref 2024-11-05 v7.01l Hypertext links for LaTeX
 (C:\Users\SwapnilBhavsar\AppData\Roaming\MiKTeX\tex/generic/pdfescape\pdfescape.sty
Package: pdfescape 2019/12/09 v1.15 Implements pdfTeX's escape features (HO)
) (C:\Users\SwapnilBhavsar\AppData\Roaming\MiKTeX\tex/latex/hycolor\hycolor.sty
Package: hycolor 2020-01-27 v1.10 Color options for hyperref/bookmark (HO)
) (C:\Program Files\MiKTeX\tex/latex/hyperref\nameref.sty
Package: nameref 2023-11-26 v2.56 Cross-referencing by name of section
 (C:\Users\SwapnilBhavsar\AppData\Roaming\MiKTeX\tex/latex/refcount\refcount.sty
Package: refcount 2019/12/15 v3.6 Data extraction from label references (HO)
) (C:\Users\SwapnilBhavsar\AppData\Roaming\MiKTeX\tex/generic/gettitlestring\gettitlestring.sty
Package: gettitlestring 2019/12/15 v1.6 Cleanup title references (HO)
)
\c@section@level=\count316
) (C:\Program Files\MiKTeX\tex/latex/etoolbox\etoolbox.sty
Package: etoolbox 2020/10/05 v2.5k e-TeX tools for LaTeX (JAW)
\etb@tempcnta=\count317
) (C:\Users\SwapnilBhavsar\AppData\Roaming\MiKTeX\tex/generic/stringenc\stringenc.sty
Package: stringenc 2019/11/29 v1.12 Convert strings between diff. encodings (HO)
)
\@linkdim=\dimen258
\Hy@linkcounter=\count318
\Hy@pagecounter=\count319
 (C:\Program Files\MiKTeX\tex/latex/hyperref\pd1enc.def
File: pd1enc.def 2024-11-05 v7.01l Hyperref: PDFDocEncoding definition (HO)
Now handling font encoding PD1 ...
... no UTF-8 mapping file for font encoding PD1
) (C:\Users\SwapnilBhavsar\AppData\Roaming\MiKTeX\tex/generic/intcalc\intcalc.sty
Package: intcalc 2019/12/15 v1.3 Expandable calculations with integers (HO)
)
\Hy@SavedSpaceFactor=\count320
 (C:\Program Files\MiKTeX\tex/latex/hyperref\puenc.def
File: puenc.def 2024-11-05 v7.01l Hyperref: PDF Unicode definition (HO)
Now handling font encoding PU ...
... no UTF-8 mapping file for font encoding PU
)
Package hyperref Info: Option `linktocpage' set `true' on input line 4040.
Package hyperref Info: Option `breaklinks' set `true' on input line 4040.
Package hyperref Info: Hyper figures OFF on input line 4157.
Package hyperref Info: Link nesting OFF on input line 4162.
Package hyperref Info: Hyper index ON on input line 4165.
Package hyperref Info: Plain pages OFF on input line 4172.
Package hyperref Info: Backreferencing OFF on input line 4177.
Package hyperref Info: Implicit mode ON; LaTeX internals redefined.
Package hyperref Info: Bookmarks ON on input line 4424.
\c@Hy@tempcnt=\count321
 (C:\Program Files\MiKTeX\tex/latex/url\url.sty
\Urlmuskip=\muskip18
Package: url 2013/09/16  ver 3.4  Verb mode for urls, etc.
)
LaTeX Info: Redefining \url on input line 4763.
\XeTeXLinkMargin=\dimen259
 (C:\Users\SwapnilBhavsar\AppData\Roaming\MiKTeX\tex/generic/bitset\bitset.sty
Package: bitset 2019/12/09 v1.3 Handle bit-vector datatype (HO)
 (C:\Users\SwapnilBhavsar\AppData\Roaming\MiKTeX\tex/generic/bigintcalc\bigintcalc.sty
Package: bigintcalc 2019/12/15 v1.5 Expandable calculations on big integers (HO)
))
\Fld@menulength=\count322
\Field@Width=\dimen260
\Fld@charsize=\dimen261
Package hyperref Info: Hyper figures OFF on input line 6042.
Package hyperref Info: Link nesting OFF on input line 6047.
Package hyperref Info: Hyper index ON on input line 6050.
Package hyperref Info: backreferencing OFF on input line 6057.
Package hyperref Info: Link coloring OFF on input line 6062.
Package hyperref Info: Link coloring with OCG OFF on input line 6067.
Package hyperref Info: PDF/A mode OFF on input line 6072.
 (C:\Program Files\MiKTeX\tex/latex/base\atbegshi-ltx.sty
Package: atbegshi-ltx 2021/01/10 v1.0c Emulation of the original atbegshi
package with kernel methods
)
\Hy@abspage=\count323
\c@Item=\count324
\c@Hfootnote=\count325
)
Package hyperref Info: Driver (autodetected): hpdftex.
 (C:\Program Files\MiKTeX\tex/latex/hyperref\hpdftex.def
File: hpdftex.def 2024-11-05 v7.01l Hyperref driver for pdfTeX
 (C:\Program Files\MiKTeX\tex/latex/base\atveryend-ltx.sty
Package: atveryend-ltx 2020/08/19 v1.0a Emulation of the original atveryend package
with kernel methods
)
\Fld@listcount=\count326
\c@bookmark@seq@number=\count327
 (C:\Users\SwapnilBhavsar\AppData\Roaming\MiKTeX\tex/latex/rerunfilecheck\rerunfilecheck.sty
Package: rerunfilecheck 2022-07-10 v1.10 Rerun checks for auxiliary files (HO)
 (C:\Users\SwapnilBhavsar\AppData\Roaming\MiKTeX\tex/generic/uniquecounter\uniquecounter.sty
Package: uniquecounter 2019/12/15 v1.4 Provide unlimited unique counter (HO)
)
Package uniquecounter Info: New unique counter `rerunfilecheck' on input line 285.
)
\Hy@SectionHShift=\skip89
) (C:\Program Files\MiKTeX\tex/latex/tools\xspace.sty
Package: xspace 2014/10/28 v1.13 Space after command names (DPC,MH)
) (C:\Users\SwapnilBhavsar\AppData\Roaming\MiKTeX\tex/latex/germbib\bibgerm.sty
Package: bibgerm 2000/08/18 v0.1 Support for mixed language bibliographies
 ** Macros for german `BibTeX'ing added to Style Option `german' 20 Apr 1993 ** ** idea and languages `german' and `USenglish' implemented by M. Wallmeier ** ** Modified for LaTeX 2e and german.sty 2.5b by A. Scherer 1 Nov 1995 ** ** Modified for ngerman.sty and babel.sty by H. Harders 21 August 2000 **) (C:\Program Files\MiKTeX\tex/latex/pgf/frontendlayer\tikz.sty (C:\Program Files\MiKTeX\tex/latex/pgf/basiclayer\pgf.sty
Package: pgf 2023-01-15 v3.1.10 (3.1.10)
 (C:\Program Files\MiKTeX\tex/latex/pgf/basiclayer\pgfcore.sty (C:\Program Files\MiKTeX\tex/generic/pgf/basiclayer\pgfcore.code.tex
Package: pgfcore 2023-01-15 v3.1.10 (3.1.10)
 (C:\Program Files\MiKTeX\tex/generic/pgf/math\pgfmath.code.tex (C:\Program Files\MiKTeX\tex/generic/pgf/math\pgfmathutil.code.tex) (C:\Program Files\MiKTeX\tex/generic/pgf/math\pgfmathparser.code.tex
\pgfmath@dimen=\dimen262
\pgfmath@count=\count328
\pgfmath@box=\box66
\pgfmath@toks=\toks39
\pgfmath@stack@operand=\toks40
\pgfmath@stack@operation=\toks41
) (C:\Program Files\MiKTeX\tex/generic/pgf/math\pgfmathfunctions.code.tex) (C:\Program Files\MiKTeX\tex/generic/pgf/math\pgfmathfunctions.basic.code.tex) (C:\Program Files\MiKTeX\tex/generic/pgf/math\pgfmathfunctions.trigonometric.code.tex) (C:\Program Files\MiKTeX\tex/generic/pgf/math\pgfmathfunctions.random.code.tex) (C:\Program Files\MiKTeX\tex/generic/pgf/math\pgfmathfunctions.comparison.code.tex) (C:\Program Files\MiKTeX\tex/generic/pgf/math\pgfmathfunctions.base.code.tex) (C:\Program Files\MiKTeX\tex/generic/pgf/math\pgfmathfunctions.round.code.tex) (C:\Program Files\MiKTeX\tex/generic/pgf/math\pgfmathfunctions.misc.code.tex) (C:\Program Files\MiKTeX\tex/generic/pgf/math\pgfmathfunctions.integerarithmetics.code.tex) (C:\Program Files\MiKTeX\tex/generic/pgf/math\pgfmathcalc.code.tex) (C:\Program Files\MiKTeX\tex/generic/pgf/math\pgfmathfloat.code.tex
\c@pgfmathroundto@lastzeros=\count329
)) (C:\Program Files\MiKTeX\tex/generic/pgf/math\pgfint.code.tex) (C:\Program Files\MiKTeX\tex/generic/pgf/basiclayer\pgfcorepoints.code.tex
File: pgfcorepoints.code.tex 2023-01-15 v3.1.10 (3.1.10)
\pgf@picminx=\dimen263
\pgf@picmaxx=\dimen264
\pgf@picminy=\dimen265
\pgf@picmaxy=\dimen266
\pgf@pathminx=\dimen267
\pgf@pathmaxx=\dimen268
\pgf@pathminy=\dimen269
\pgf@pathmaxy=\dimen270
\pgf@xx=\dimen271
\pgf@xy=\dimen272
\pgf@yx=\dimen273
\pgf@yy=\dimen274
\pgf@zx=\dimen275
\pgf@zy=\dimen276
) (C:\Program Files\MiKTeX\tex/generic/pgf/basiclayer\pgfcorepathconstruct.code.tex
File: pgfcorepathconstruct.code.tex 2023-01-15 v3.1.10 (3.1.10)
\pgf@path@lastx=\dimen277
\pgf@path@lasty=\dimen278
) (C:\Program Files\MiKTeX\tex/generic/pgf/basiclayer\pgfcorepathusage.code.tex
File: pgfcorepathusage.code.tex 2023-01-15 v3.1.10 (3.1.10)
\pgf@shorten@end@additional=\dimen279
\pgf@shorten@start@additional=\dimen280
) (C:\Program Files\MiKTeX\tex/generic/pgf/basiclayer\pgfcorescopes.code.tex
File: pgfcorescopes.code.tex 2023-01-15 v3.1.10 (3.1.10)
\pgfpic=\box67
\pgf@hbox=\box68
\pgf@layerbox@main=\box69
\pgf@picture@serial@count=\count330
) (C:\Program Files\MiKTeX\tex/generic/pgf/basiclayer\pgfcoregraphicstate.code.tex
File: pgfcoregraphicstate.code.tex 2023-01-15 v3.1.10 (3.1.10)
\pgflinewidth=\dimen281
) (C:\Program Files\MiKTeX\tex/generic/pgf/basiclayer\pgfcoretransformations.code.tex
File: pgfcoretransformations.code.tex 2023-01-15 v3.1.10 (3.1.10)
\pgf@pt@x=\dimen282
\pgf@pt@y=\dimen283
\pgf@pt@temp=\dimen284
) (C:\Program Files\MiKTeX\tex/generic/pgf/basiclayer\pgfcorequick.code.tex
File: pgfcorequick.code.tex 2023-01-15 v3.1.10 (3.1.10)
) (C:\Program Files\MiKTeX\tex/generic/pgf/basiclayer\pgfcoreobjects.code.tex
File: pgfcoreobjects.code.tex 2023-01-15 v3.1.10 (3.1.10)
) (C:\Program Files\MiKTeX\tex/generic/pgf/basiclayer\pgfcorepathprocessing.code.tex
File: pgfcorepathprocessing.code.tex 2023-01-15 v3.1.10 (3.1.10)
) (C:\Program Files\MiKTeX\tex/generic/pgf/basiclayer\pgfcorearrows.code.tex
File: pgfcorearrows.code.tex 2023-01-15 v3.1.10 (3.1.10)
\pgfarrowsep=\dimen285
) (C:\Program Files\MiKTeX\tex/generic/pgf/basiclayer\pgfcoreshade.code.tex
File: pgfcoreshade.code.tex 2023-01-15 v3.1.10 (3.1.10)
\pgf@max=\dimen286
\pgf@sys@shading@range@num=\count331
\pgf@shadingcount=\count332
) (C:\Program Files\MiKTeX\tex/generic/pgf/basiclayer\pgfcoreimage.code.tex
File: pgfcoreimage.code.tex 2023-01-15 v3.1.10 (3.1.10)
) (C:\Program Files\MiKTeX\tex/generic/pgf/basiclayer\pgfcoreexternal.code.tex
File: pgfcoreexternal.code.tex 2023-01-15 v3.1.10 (3.1.10)
\pgfexternal@startupbox=\box70
) (C:\Program Files\MiKTeX\tex/generic/pgf/basiclayer\pgfcorelayers.code.tex
File: pgfcorelayers.code.tex 2023-01-15 v3.1.10 (3.1.10)
) (C:\Program Files\MiKTeX\tex/generic/pgf/basiclayer\pgfcoretransparency.code.tex
File: pgfcoretransparency.code.tex 2023-01-15 v3.1.10 (3.1.10)
) (C:\Program Files\MiKTeX\tex/generic/pgf/basiclayer\pgfcorepatterns.code.tex
File: pgfcorepatterns.code.tex 2023-01-15 v3.1.10 (3.1.10)
) (C:\Program Files\MiKTeX\tex/generic/pgf/basiclayer\pgfcorerdf.code.tex
File: pgfcorerdf.code.tex 2023-01-15 v3.1.10 (3.1.10)
))) (C:\Program Files\MiKTeX\tex/generic/pgf/modules\pgfmoduleshapes.code.tex
File: pgfmoduleshapes.code.tex 2023-01-15 v3.1.10 (3.1.10)
\pgfnodeparttextbox=\box71
) (C:\Program Files\MiKTeX\tex/generic/pgf/modules\pgfmoduleplot.code.tex
File: pgfmoduleplot.code.tex 2023-01-15 v3.1.10 (3.1.10)
) (C:\Program Files\MiKTeX\tex/latex/pgf/compatibility\pgfcomp-version-0-65.sty
Package: pgfcomp-version-0-65 2023-01-15 v3.1.10 (3.1.10)
\pgf@nodesepstart=\dimen287
\pgf@nodesepend=\dimen288
) (C:\Program Files\MiKTeX\tex/latex/pgf/compatibility\pgfcomp-version-1-18.sty
Package: pgfcomp-version-1-18 2023-01-15 v3.1.10 (3.1.10)
)) (C:\Program Files\MiKTeX\tex/latex/pgf/utilities\pgffor.sty (C:\Program Files\MiKTeX\tex/latex/pgf/utilities\pgfkeys.sty (C:\Program Files\MiKTeX\tex/generic/pgf/utilities\pgfkeys.code.tex)) (C:\Program Files\MiKTeX\tex/latex/pgf/math\pgfmath.sty (C:\Program Files\MiKTeX\tex/generic/pgf/math\pgfmath.code.tex)) (C:\Program Files\MiKTeX\tex/generic/pgf/utilities\pgffor.code.tex
Package: pgffor 2023-01-15 v3.1.10 (3.1.10)
\pgffor@iter=\dimen289
\pgffor@skip=\dimen290
\pgffor@stack=\toks42
\pgffor@toks=\toks43
)) (C:\Program Files\MiKTeX\tex/generic/pgf/frontendlayer/tikz\tikz.code.tex
Package: tikz 2023-01-15 v3.1.10 (3.1.10)
 (C:\Program Files\MiKTeX\tex/generic/pgf/libraries\pgflibraryplothandlers.code.tex
File: pgflibraryplothandlers.code.tex 2023-01-15 v3.1.10 (3.1.10)
\pgf@plot@mark@count=\count333
\pgfplotmarksize=\dimen291
)
\tikz@lastx=\dimen292
\tikz@lasty=\dimen293
\tikz@lastxsaved=\dimen294
\tikz@lastysaved=\dimen295
\tikz@lastmovetox=\dimen296
\tikz@lastmovetoy=\dimen297
\tikzleveldistance=\dimen298
\tikzsiblingdistance=\dimen299
\tikz@figbox=\box72
\tikz@figbox@bg=\box73
\tikz@tempbox=\box74
\tikz@tempbox@bg=\box75
\tikztreelevel=\count334
\tikznumberofchildren=\count335
\tikznumberofcurrentchild=\count336
\tikz@fig@count=\count337
 (C:\Program Files\MiKTeX\tex/generic/pgf/modules\pgfmodulematrix.code.tex
File: pgfmodulematrix.code.tex 2023-01-15 v3.1.10 (3.1.10)
\pgfmatrixcurrentrow=\count338
\pgfmatrixcurrentcolumn=\count339
\pgf@matrix@numberofcolumns=\count340
)
\tikz@expandcount=\count341
 (C:\Program Files\MiKTeX\tex/generic/pgf/frontendlayer/tikz/libraries\tikzlibrarytopaths.code.tex
File: tikzlibrarytopaths.code.tex 2023-01-15 v3.1.10 (3.1.10)
))) (C:\Users\SwapnilBhavsar\AppData\Roaming\MiKTeX\tex/latex/circuitikz\circuitikz.sty
Package: circuitikz 2025/01/10{} The CircuiTikz circuit drawing package version 1.7.1
 (C:\Program Files\MiKTeX\tex/generic/pgf/frontendlayer/tikz/libraries\tikzlibrarycalc.code.tex
File: tikzlibrarycalc.code.tex 2023-01-15 v3.1.10 (3.1.10)
) (C:\Program Files\MiKTeX\tex/generic/pgf/libraries\pgflibraryarrows.meta.code.tex
File: pgflibraryarrows.meta.code.tex 2023-01-15 v3.1.10 (3.1.10)
\pgfarrowinset=\dimen300
\pgfarrowlength=\dimen301
\pgfarrowwidth=\dimen302
\pgfarrowlinewidth=\dimen303
) (C:\Program Files\MiKTeX\tex/generic/pgf/frontendlayer/tikz/libraries\tikzlibrarybending.code.tex
File: tikzlibrarybending.code.tex 2023-01-15 v3.1.10 (3.1.10)
 (C:\Program Files\MiKTeX\tex/generic/pgf/modules\pgfmodulebending.code.tex
File: pgfmodulebending.code.tex 2023-01-15 v3.1.10 (3.1.10)
 (C:\Program Files\MiKTeX\tex/generic/pgf/modules\pgfmodulenonlineartransformations.code.tex
File: pgfmodulenonlineartransformations.code.tex 2023-01-15 v3.1.10 (3.1.10)
\pgftransformnonlinearflatness=\dimen304
) (C:\Program Files\MiKTeX\tex/generic/pgf/libraries\pgflibrarycurvilinear.code.tex
File: pgflibrarycurvilinear.code.tex 2023-01-15 v3.1.10 (3.1.10)
\pgf@curvilinear@time@a=\dimen305
\pgf@curvilinear@length@a=\dimen306
\pgf@curvilinear@length@b=\dimen307
\pgf@curvilinear@length@c=\dimen308
\pgf@curvilinear@length@d=\dimen309
)
\pgf@arrows@the@rigidity=\dimen310
)) (C:\Program Files\MiKTeX\tex/generic/pgf/frontendlayer/tikz/libraries\tikzlibraryfpu.code.tex (C:\Program Files\MiKTeX\tex/generic/pgf/libraries\pgflibraryfpu.code.tex)) (C:\Users\SwapnilBhavsar\AppData\Roaming\MiKTeX\tex/generic/circuitikz\pgfcirc.defines.tex
\pgf@circ@count@a=\count342
\pgf@circ@count@b=\count343
\pgf@circ@count@c=\count344
\pgf@circ@res@up=\dimen311
\pgf@circ@res@down=\dimen312
\pgf@circ@res@zero=\dimen313
\pgf@circ@res@left=\dimen314
\pgf@circ@res@right=\dimen315
\pgf@circ@res@other=\dimen316
\pgf@circ@res@step=\dimen317
\pgf@circ@res@temp=\dimen318
\pgf@circ@Rlen=\dimen319
\pgf@circ@scaled@Rlen=\dimen320
\pgfstartlinewidth=\dimen321
) (C:\Users\SwapnilBhavsar\AppData\Roaming\MiKTeX\tex/generic/circuitikz\pgfcircutils.tex
\ctikz@scratchbox=\box76
) (C:\Users\SwapnilBhavsar\AppData\Roaming\MiKTeX\tex/generic/circuitikz\pgfcircpath.tex) (C:\Users\SwapnilBhavsar\AppData\Roaming\MiKTeX\tex/generic/circuitikz\pgfcircshapes.tex) (C:\Users\SwapnilBhavsar\AppData\Roaming\MiKTeX\tex/generic/circuitikz\pgfcircmonopoles.tex) (C:\Users\SwapnilBhavsar\AppData\Roaming\MiKTeX\tex/generic/circuitikz\pgfcircbipoles.tex) (C:\Users\SwapnilBhavsar\AppData\Roaming\MiKTeX\tex/generic/circuitikz\pgfcirctripoles.tex
\pgf@circ@res@count=\count345
) (C:\Users\SwapnilBhavsar\AppData\Roaming\MiKTeX\tex/generic/circuitikz\pgfcircquadpoles.tex) (C:\Users\SwapnilBhavsar\AppData\Roaming\MiKTeX\tex/generic/circuitikz\pgfcircmultipoles.tex) (C:\Users\SwapnilBhavsar\AppData\Roaming\MiKTeX\tex/generic/circuitikz\pgfcirclabel.tex) (C:\Users\SwapnilBhavsar\AppData\Roaming\MiKTeX\tex/generic/circuitikz\pgfcircvoltage.tex
\pgfcirc@labelshift=\dimen322
) (C:\Users\SwapnilBhavsar\AppData\Roaming\MiKTeX\tex/generic/circuitikz\pgfcirccurrent.tex) (C:\Users\SwapnilBhavsar\AppData\Roaming\MiKTeX\tex/generic/circuitikz\pgfcircflow.tex)) (C:\Program Files\MiKTeX\tex/latex/pgfplots\pgfplots.sty (C:\Program Files\MiKTeX\tex/generic/pgfplots\pgfplots.revision.tex)
Package: pgfplots 2021/05/15 v1.18.1 Data Visualization (1.18.1)
 (C:\Program Files\MiKTeX\tex/generic/pgfplots\pgfplots.code.tex (C:\Program Files\MiKTeX\tex/generic/pgfplots\pgfplotscore.code.tex
\t@pgfplots@toka=\toks44
\t@pgfplots@tokb=\toks45
\t@pgfplots@tokc=\toks46
\pgfplots@tmpa=\dimen323
\c@pgfplots@coordindex=\count346
\c@pgfplots@scanlineindex=\count347
 (C:\Program Files\MiKTeX\tex/generic/pgfplots/sys\pgfplotssysgeneric.code.tex)) (C:\Program Files\MiKTeX\tex/generic/pgfplots/libs\pgfplotslibrary.code.tex) (C:\Program Files\MiKTeX\tex/generic/pgfplots/oldpgfcompatib\pgfplotsoldpgfsupp_loader.code.tex
Package pgfplots: loading complementary utilities for your pgf version...
\t@pgf@toka=\toks47
\t@pgf@tokb=\toks48
\t@pgf@tokc=\toks49
(C:\Program Files\MiKTeX\tex/generic/pgfplots/oldpgfcompatib\pgfplotsoldpgfsupp_pgfutil-common-lists.tex)) (C:\Program Files\MiKTeX\tex/generic/pgfplots/util\pgfplotsutil.code.tex (C:\Program Files\MiKTeX\tex/generic/pgfplots/liststructure\pgfplotsliststructure.code.tex) (C:\Program Files\MiKTeX\tex/generic/pgfplots/liststructure\pgfplotsliststructureext.code.tex) (C:\Program Files\MiKTeX\tex/generic/pgfplots/liststructure\pgfplotsarray.code.tex
\c@pgfplotsarray@tmp=\count348
) (C:\Program Files\MiKTeX\tex/generic/pgfplots/liststructure\pgfplotsmatrix.code.tex) (C:\Program Files\MiKTeX\tex/generic/pgfplots/numtable\pgfplotstableshared.code.tex
\c@pgfplotstable@counta=\count349
\t@pgfplotstable@a=\toks50
) (C:\Program Files\MiKTeX\tex/generic/pgfplots/liststructure\pgfplotsdeque.code.tex) (C:\Program Files\MiKTeX\tex/generic/pgfplots/util\pgfplotsbinary.code.tex (C:\Program Files\MiKTeX\tex/generic/pgfplots/util\pgfplotsbinary.data.code.tex)) (C:\Program Files\MiKTeX\tex/generic/pgfplots/util\pgfplotsutil.verb.code.tex) (C:\Program Files\MiKTeX\tex/generic/pgfplots/libs\pgflibrarypgfplots.surfshading.code.tex
\c@pgfplotslibrarysurf@no=\count350
 (C:\Program Files\MiKTeX\tex/generic/pgfplots/sys\pgflibrarypgfplots.surfshading.pgfsys-pdftex.def))) (C:\Program Files\MiKTeX\tex/generic/pgfplots/util\pgfplotscolormap.code.tex (C:\Program Files\MiKTeX\tex/generic/pgfplots/util\pgfplotscolor.code.tex)) (C:\Program Files\MiKTeX\tex/generic/pgfplots\pgfplotsstackedplots.code.tex) (C:\Program Files\MiKTeX\tex/generic/pgfplots\pgfplotsplothandlers.code.tex (C:\Program Files\MiKTeX\tex/generic/pgfplots\pgfplotsmeshplothandler.code.tex (C:\Program Files\MiKTeX\tex/generic/pgfplots\pgfplotsmeshplotimage.code.tex))) (C:\Program Files\MiKTeX\tex/generic/pgfplots\pgfplots.scaling.code.tex) (C:\Program Files\MiKTeX\tex/generic/pgfplots\pgfplotscoordprocessing.code.tex) (C:\Program Files\MiKTeX\tex/generic/pgfplots\pgfplots.errorbars.code.tex) (C:\Program Files\MiKTeX\tex/generic/pgfplots\pgfplots.markers.code.tex) (C:\Program Files\MiKTeX\tex/generic/pgfplots\pgfplotsticks.code.tex) (C:\Program Files\MiKTeX\tex/generic/pgfplots\pgfplots.paths.code.tex) (C:\Program Files\MiKTeX\tex/generic/pgf/frontendlayer/tikz/libraries\tikzlibrarydecorations.code.tex (C:\Program Files\MiKTeX\tex/generic/pgf/modules\pgfmoduledecorations.code.tex
\pgfdecoratedcompleteddistance=\dimen324
\pgfdecoratedremainingdistance=\dimen325
\pgfdecoratedinputsegmentcompleteddistance=\dimen326
\pgfdecoratedinputsegmentremainingdistance=\dimen327
\pgf@decorate@distancetomove=\dimen328
\pgf@decorate@repeatstate=\count351
\pgfdecorationsegmentamplitude=\dimen329
\pgfdecorationsegmentlength=\dimen330
)
\tikz@lib@dec@box=\box77
) (C:\Program Files\MiKTeX\tex/generic/pgf/frontendlayer/tikz/libraries\tikzlibrarydecorations.pathmorphing.code.tex (C:\Program Files\MiKTeX\tex/generic/pgf/libraries/decorations\pgflibrarydecorations.pathmorphing.code.tex)) (C:\Program Files\MiKTeX\tex/generic/pgf/frontendlayer/tikz/libraries\tikzlibrarydecorations.pathreplacing.code.tex (C:\Program Files\MiKTeX\tex/generic/pgf/libraries/decorations\pgflibrarydecorations.pathreplacing.code.tex)) (C:\Program Files\MiKTeX\tex/generic/pgfplots/libs\tikzlibrarypgfplots.contourlua.code.tex)
\pgfplots@numplots=\count352
\pgfplots@xmin@reg=\dimen331
\pgfplots@xmax@reg=\dimen332
\pgfplots@ymin@reg=\dimen333
\pgfplots@ymax@reg=\dimen334
\pgfplots@zmin@reg=\dimen335
\pgfplots@zmax@reg=\dimen336
) (C:\Program Files\MiKTeX\tex/generic/pgf/frontendlayer/tikz/libraries\tikzlibraryplotmarks.code.tex
File: tikzlibraryplotmarks.code.tex 2023-01-15 v3.1.10 (3.1.10)
 (C:\Program Files\MiKTeX\tex/generic/pgf/libraries\pgflibraryplotmarks.code.tex
File: pgflibraryplotmarks.code.tex 2023-01-15 v3.1.10 (3.1.10)
))) (C:\Program Files\MiKTeX\tex/generic/pgfplots/libs\tikzlibrarypgfplots.groupplots.code.tex
\pgfplots@group@current@plot=\count353
\pgfplots@group@current@row=\count354
\pgfplots@group@current@column=\count355
) (C:\Users\SwapnilBhavsar\AppData\Roaming\MiKTeX\tex/latex/siunitx\siunitx.sty
Package: siunitx 2025-01-21 v3.4.4 A comprehensive (SI) units package
\l__siunitx_number_uncert_offset_int=\count356
\l__siunitx_number_exponent_fixed_int=\count357
\l__siunitx_number_min_decimal_int=\count358
\l__siunitx_number_min_integer_int=\count359
\l__siunitx_number_round_precision_int=\count360
\l__siunitx_number_lower_threshold_int=\count361
\l__siunitx_number_upper_threshold_int=\count362
\l__siunitx_number_group_first_int=\count363
\l__siunitx_number_group_size_int=\count364
\l__siunitx_number_group_minimum_int=\count365
\l__siunitx_angle_tmp_dim=\dimen337
\l__siunitx_angle_marker_box=\box78
\l__siunitx_angle_unit_box=\box79
\l__siunitx_compound_count_int=\count366
 (C:\Users\SwapnilBhavsar\AppData\Roaming\MiKTeX\tex/latex/translations\translations.sty
Package: translations 2022/02/05 v1.12 internationalization of LaTeX2e packages (CN)
)
\l__siunitx_table_tmp_box=\box80
\l__siunitx_table_tmp_dim=\dimen338
\l__siunitx_table_column_width_dim=\dimen339
\l__siunitx_table_integer_box=\box81
\l__siunitx_table_decimal_box=\box82
\l__siunitx_table_uncert_box=\box83
\l__siunitx_table_before_box=\box84
\l__siunitx_table_after_box=\box85
\l__siunitx_table_before_dim=\dimen340
\l__siunitx_table_carry_dim=\dimen341
\l__siunitx_unit_tmp_int=\count367
\l__siunitx_unit_position_int=\count368
\l__siunitx_unit_total_int=\count369
) (C:\Program Files\MiKTeX\tex/generic/pgf/frontendlayer/tikz/libraries\tikzlibrarypositioning.code.tex
File: tikzlibrarypositioning.code.tex 2023-01-15 v3.1.10 (3.1.10)
) (C:\Program Files\MiKTeX\tex/generic/pgf/frontendlayer/tikz/libraries\tikzlibraryshapes.geometric.code.tex
File: tikzlibraryshapes.geometric.code.tex 2023-01-15 v3.1.10 (3.1.10)
 (C:\Program Files\MiKTeX\tex/generic/pgf/libraries/shapes\pgflibraryshapes.geometric.code.tex
File: pgflibraryshapes.geometric.code.tex 2023-01-15 v3.1.10 (3.1.10)
)) (C:\Program Files\MiKTeX\tex/generic/pgf/frontendlayer/tikz/libraries\tikzlibraryfit.code.tex
File: tikzlibraryfit.code.tex 2023-01-15 v3.1.10 (3.1.10)
) (C:\Users\SwapnilBhavsar\AppData\Roaming\MiKTeX\tex/latex/hyphenat\hyphenat.sty
Package: hyphenat 2009/09/02 v2.3c hyphenation utilities


Package hyphenat Warning: *******************************
(hyphenat)                * You have used the htt option.
(hyphenat)                * You are likely to get many Font Warning messages.
(hyphenat)                * These can usually be ignored.
(hyphenat)                *******************************.

\langwohyphens=\language80
LaTeX Info: Redefining \_ on input line 43.
) (C:\Program Files\MiKTeX\tex/latex/listings\listings.sty
\lst@mode=\count370
\lst@gtempboxa=\box86
\lst@token=\toks51
\lst@length=\count371
\lst@currlwidth=\dimen342
\lst@column=\count372
\lst@pos=\count373
\lst@lostspace=\dimen343
\lst@width=\dimen344
\lst@newlines=\count374
\lst@lineno=\count375
\lst@maxwidth=\dimen345
 (C:\Program Files\MiKTeX\tex/latex/listings\lstpatch.sty
File: lstpatch.sty 2024/09/23 1.10c (Carsten Heinz)
) (C:\Program Files\MiKTeX\tex/latex/listings\lstmisc.sty
File: lstmisc.sty 2024/09/23 1.10c (Carsten Heinz)
\c@lstnumber=\count376
\lst@skipnumbers=\count377
\lst@framebox=\box87
) (C:\Program Files\MiKTeX\tex/latex/listings\listings.cfg
File: listings.cfg 2024/09/23 1.10c listings configuration
))
Package: listings 2024/09/23 1.10c (Carsten Heinz)
)

LaTeX Warning: \include should only be used after \begin{document} on input line 38.

(Einstellungen/Layout.tex (C:\Users\SwapnilBhavsar\AppData\Roaming\MiKTeX\tex/latex/koma-script\scrlayer-scrpage.sty
Package: scrlayer-scrpage 2024/10/24 v3.43 KOMA-Script package (end user interface for scrlayer)
 (C:\Users\SwapnilBhavsar\AppData\Roaming\MiKTeX\tex/latex/koma-script\scrlayer.sty
Package: scrlayer 2024/10/24 v3.43 KOMA-Script package (defining layers and page styles)
Package scrlayer Info: patching LaTeX kernel macro \pagestyle on input line 2182.
)
Package scrlayer-scrpage Info: Makeing stand-alone element `pagehead' from
(scrlayer-scrpage)             alias to `pageheadfoot' on input line 1106.
)

Package scrlayer-scrpage Warning: replacing deprecated \clearscrheading by
(scrlayer-scrpage)                \clearmainofpairofpagestyles on input line 12.


Package scrlayer-scrpage Warning: replacing deprecated \clearscrplain by
(scrlayer-scrpage)                \clearplainofpairofpagestyles on input line 13.

\footer=\box88

Package scrlayer-scrpage Warning: Command deprecated!
(scrlayer-scrpage)                Usage of `\setheadtopline', `\setheadsepline',
(scrlayer-scrpage)                `\setfootsepline', and `\setfootbotline'
(scrlayer-scrpage)                became deprecated with scrlayer-scrpage.
(scrlayer-scrpage)                You should use KOMA-Script options
(scrlayer-scrpage)                `headsepline', `headtopline', `footsepline',
(scrlayer-scrpage)                or `footbotline' with values
(scrlayer-scrpage)                `<line thickness>:<line length>' to setup
(scrlayer-scrpage)                the line length and thickness, and
(scrlayer-scrpage)                `\setkomafont' or `\addtokomafont' to
(scrlayer-scrpage)                setup the colour on input line 31.


Package scrlayer-scrpage Warning: Command deprecated!
(scrlayer-scrpage)                Usage of `\setheadtopline', `\setheadsepline',
(scrlayer-scrpage)                `\setfootsepline', and `\setfootbotline'
(scrlayer-scrpage)                became deprecated with scrlayer-scrpage.
(scrlayer-scrpage)                You should use KOMA-Script options
(scrlayer-scrpage)                `headsepline', `headtopline', `footsepline',
(scrlayer-scrpage)                or `footbotline' with values
(scrlayer-scrpage)                `<line thickness>:<line length>' to setup
(scrlayer-scrpage)                the line length and thickness, and
(scrlayer-scrpage)                `\setkomafont' or `\addtokomafont' to
(scrlayer-scrpage)                setup the colour on input line 32.

(C:\Users\SwapnilBhavsar\AppData\Roaming\MiKTeX\tex/latex/setspace\setspace.sty
Package: setspace 2022/12/04 v6.7b set line spacing
)) (Einstellungen/newCommands.tex) (Einstellungen/newCommands_user.tex) (Einstellungen/psfrag.tex) (Einstellungen/Trennungsliste.tex)
LaTeX Font Info:    Trying to load font information for T1+lmr on input line 51.
 (C:\Program Files\MiKTeX\tex/latex/lm\t1lmr.fd
File: t1lmr.fd 2015/05/01 v1.6.1 Font defs for Latin Modern
) (C:\Program Files\MiKTeX\tex/latex/l3backend\l3backend-pdftex.def
File: l3backend-pdftex.def 2024-05-08 L3 backend support: PDF output (pdfTeX)
\l__color_backend_stack_int=\count378
\l__pdf_internal_box=\box89
) (main.aux (Kapitel/Titel.aux) (Kapitel/Kapitel_Zusammenfassung.aux) (Verzeichnis/Formelzeichen.aux) (Kapitel/Kapitel_Aufgabenstellung.aux) (Kapitel/Kapitel_1.aux) (Kapitel/Kapitel_2.aux) (Kapitel/Kapitel_3.aux) (Kapitel/Kapitel_4.aux

LaTeX Warning: Label `labelme' multiply defined.

) (Kapitel/Kapitel_5.aux) (Kapitel/Kapitel_6.aux) (Verzeichnis/Verzeichnis_Literatur.aux) (Kapitel/Kapitel_Erklaerung.aux))
\openout1 = `main.aux'.

LaTeX Font Info:    Checking defaults for OML/cmm/m/it on input line 51.
LaTeX Font Info:    ... okay on input line 51.
LaTeX Font Info:    Checking defaults for OMS/cmsy/m/n on input line 51.
LaTeX Font Info:    ... okay on input line 51.
LaTeX Font Info:    Checking defaults for OT1/cmr/m/n on input line 51.
LaTeX Font Info:    ... okay on input line 51.
LaTeX Font Info:    Checking defaults for T1/cmr/m/n on input line 51.
LaTeX Font Info:    ... okay on input line 51.
LaTeX Font Info:    Checking defaults for TS1/cmr/m/n on input line 51.
LaTeX Font Info:    ... okay on input line 51.
LaTeX Font Info:    Checking defaults for OMX/cmex/m/n on input line 51.
LaTeX Font Info:    ... okay on input line 51.
LaTeX Font Info:    Checking defaults for U/cmr/m/n on input line 51.
LaTeX Font Info:    ... okay on input line 51.
LaTeX Font Info:    Checking defaults for PD1/pdf/m/n on input line 51.
LaTeX Font Info:    ... okay on input line 51.
LaTeX Font Info:    Checking defaults for PU/pdf/m/n on input line 51.
LaTeX Font Info:    ... okay on input line 51.
Package scrbase Info: activating english \abstractname on input line 51.
Package scrbase Info: activating english \partname on input line 51.
Package scrbase Info: activating english \chaptername on input line 51.
Package scrbase Info: activating english \appendixname on input line 51.
Package scrbase Info: activating english \figurename on input line 51.
Package scrbase Info: activating english \tablename on input line 51.
Package scrbase Info: activating english \contentsname on input line 51.
Package scrbase Info: activating english \listfigurename on input line 51.
Package scrbase Info: activating english \listtablename on input line 51.
Package scrbase Info: activating english \bibname on input line 51.
Package scrbase Info: activating english \indexname on input line 51.
 (C:\Program Files\MiKTeX\tex/context/base/mkii\supp-pdf.mkii
[Loading MPS to PDF converter (version 2006.09.02).]
\scratchcounter=\count379
\scratchdimen=\dimen346
\scratchbox=\box90
\nofMPsegments=\count380
\nofMParguments=\count381
\everyMPshowfont=\toks52
\MPscratchCnt=\count382
\MPscratchDim=\dimen347
\MPnumerator=\count383
\makeMPintoPDFobject=\count384
\everyMPtoPDFconversion=\toks53
)
Package caption Info: Begin \AtBeginDocument code.
Package caption Info: hyperref package is loaded.
Package caption Info: listings package is loaded.
Package caption Info: longtable package is loaded.
 (C:\Users\SwapnilBhavsar\AppData\Roaming\MiKTeX\tex/latex/caption\ltcaption.sty
Package: ltcaption 2021/01/08 v1.4c longtable captions (AR)
)
Package caption Info: subfigure package is loaded.
Package caption Info: End \AtBeginDocument code.
Package hyperref Info: Link coloring OFF on input line 51.
 (main.out) (main.out)
\@outlinefile=\write5
\openout5 = `main.out'.

Class scrreprt Info: loading recommended package `bookmark'.
(scrreprt)           Using `bookmark' together with `hyperref' is recommended,
(scrreprt)           because of handling of possible bookmark level gaps.
(scrreprt)           You can avoid loading `bookmark' with KOMA-Script option
(scrreprt)           `bookmarkpackage=false' before \begin{document} and
(scrreprt)           you can avoid this message adding:
(scrreprt)             \usepackage{bookmark}
(scrreprt)           before \begin{document} on input line 51.
 (C:\Users\SwapnilBhavsar\AppData\Roaming\MiKTeX\tex/latex/bookmark\bookmark.sty
Package: bookmark 2023-12-10 v1.31 PDF bookmarks (HO)
 (C:\Users\SwapnilBhavsar\AppData\Roaming\MiKTeX\tex/latex/bookmark\bkm-pdftex.def
File: bkm-pdftex.def 2023-12-10 v1.31 bookmark driver for pdfTeX and luaTeX (HO)
\BKM@id=\count385
))

bibgerm.sty: babel.sty detected


Package pgfplots Warning: running in backwards compatibility mode (unsuitable tick labels; missing features). Consider writing \pgfplotsset{compat=1.18} into your preamble.
 on input line 51.

(C:\Users\SwapnilBhavsar\AppData\Roaming\MiKTeX\tex/latex/translations/dicts\translations-basic-dictionary-english.trsl
File: translations-basic-dictionary-english.trsl (english translation file `translations-basic-dictionary')
)
Package translations Info: loading dictionary `translations-basic-dictionary' for `english'. on input line 51.
LaTeX Font Info:    Trying to load font information for T1+lmtt on input line 51.
 (C:\Program Files\MiKTeX\tex/latex/lm\t1lmtt.fd
File: t1lmtt.fd 2015/05/01 v1.6.1 Font defs for Latin Modern
)

LaTeX Font Warning: Font shape `T1/lmtt/b/it' in size <12> not available
(Font)              Font shape `T1/lmtt/b/sl' tried instead on input line 51.


LaTeX Font Warning: Font shape `T1/lmtt/b/scsl' undefined
(Font)              using `T1/lmtt/b/sc' instead on input line 51.


LaTeX Font Warning: Font shape `T1/lmtt/b/sc' undefined
(Font)              using `T1/lmtt/b/n' instead on input line 51.

LaTeX Font Info:    Font shape `T1/lmtt/bx/n' in size <12> not available
(Font)              Font shape `T1/lmtt/b/n' tried instead on input line 51.

LaTeX Font Warning: Font shape `T1/lmtt/bx/it' in size <12> not available
(Font)              Font shape `T1/lmtt/b/sl' tried instead on input line 51.

LaTeX Font Info:    Font shape `T1/lmtt/bx/sl' in size <12> not available
(Font)              Font shape `T1/lmtt/b/sl' tried instead on input line 51.

LaTeX Font Warning: Font shape `T1/lmtt/bx/scsl' undefined
(Font)              using `T1/lmtt/bx/sc' instead on input line 51.


LaTeX Font Warning: Font shape `T1/lmtt/bx/sc' undefined
(Font)              using `T1/lmtt/bx/n' instead on input line 51.


LaTeX Font Warning: Font shape `T1/lmtt/sbx/sc' undefined
(Font)              using `T1/lmtt/sb/sc' instead on input line 51.


LaTeX Font Warning: Font shape `T1/lmtt/sb/n' undefined
(Font)              using `T1/lmtt/m/n' instead on input line 51.


LaTeX Font Warning: Font shape `T1/lmtt/sb/it' undefined
(Font)              using `T1/lmtt/sb/n' instead on input line 51.


LaTeX Font Warning: Font shape `T1/lmtt/sb/sl' undefined
(Font)              using `T1/lmtt/sb/it' instead on input line 51.


LaTeX Font Warning: Font shape `T1/lmtt/sb/scit' undefined
(Font)              using `T1/lmtt/sb/sc' instead on input line 51.


LaTeX Font Warning: Font shape `T1/lmtt/sb/sc' undefined
(Font)              using `T1/lmtt/sb/n' instead on input line 51.


LaTeX Font Warning: Font shape `T1/lmtt/sbc/sc' undefined
(Font)              using `T1/lmtt/c/sc' instead on input line 51.


LaTeX Font Warning: Font shape `T1/lmtt/c/n' undefined
(Font)              using `T1/lmtt/m/n' instead on input line 51.


LaTeX Font Warning: Font shape `T1/lmtt/c/it' undefined
(Font)              using `T1/lmtt/c/n' instead on input line 51.


LaTeX Font Warning: Font shape `T1/lmtt/c/sl' undefined
(Font)              using `T1/lmtt/c/it' instead on input line 51.


LaTeX Font Warning: Font shape `T1/lmtt/c/scit' undefined
(Font)              using `T1/lmtt/c/sc' instead on input line 51.


LaTeX Font Warning: Font shape `T1/lmtt/c/sc' undefined
(Font)              using `T1/lmtt/c/n' instead on input line 51.


LaTeX Font Warning: Font shape `T1/lmtt/lc/it' in size <12> not available
(Font)              Font shape `T1/lmtt/lc/sl' tried instead on input line 51.


LaTeX Font Warning: Font shape `T1/lmtt/lc/scsl' undefined
(Font)              using `T1/lmtt/lc/sc' instead on input line 51.


LaTeX Font Warning: Font shape `T1/lmtt/lc/sc' undefined
(Font)              using `T1/lmtt/lc/n' instead on input line 51.


LaTeX Font Warning: Font shape `T1/lmtt/m/ui' undefined
(Font)              using `T1/lmtt/m/n' instead on input line 51.


LaTeX Font Warning: Font shape `T1/lmtt/bx/ui' undefined
(Font)              using `T1/lmtt/bx/n' instead on input line 51.


LaTeX Font Warning: Font shape `T1/lmtt/m/In' undefined
(Font)              using `T1/lmtt/m/n' instead on input line 51.

\c@lstlisting=\count386
Package tocbasic Info: setting babel extension for `lol' on input line 51.
\scr@dte@lstlisting@maxnumwidth=\skip90
\openout2 = `Kapitel/Titel.aux'.

(Kapitel/Titel.tex
LaTeX Font Info:    Trying to load font information for OT1+lmr on input line 12.
 (C:\Program Files\MiKTeX\tex/latex/lm\ot1lmr.fd
File: ot1lmr.fd 2015/05/01 v1.6.1 Font defs for Latin Modern
)
LaTeX Font Info:    Trying to load font information for OML+lmm on input line 12.
 (C:\Program Files\MiKTeX\tex/latex/lm\omllmm.fd
File: omllmm.fd 2015/05/01 v1.6.1 Font defs for Latin Modern
)
LaTeX Font Info:    Trying to load font information for OMS+lmsy on input line 12.
 (C:\Program Files\MiKTeX\tex/latex/lm\omslmsy.fd
File: omslmsy.fd 2015/05/01 v1.6.1 Font defs for Latin Modern
)
LaTeX Font Info:    Trying to load font information for OMX+lmex on input line 12.
 (C:\Program Files\MiKTeX\tex/latex/lm\omxlmex.fd
File: omxlmex.fd 2015/05/01 v1.6.1 Font defs for Latin Modern
)
LaTeX Font Info:    External font `lmex10' loaded for size
(Font)              <12> on input line 12.
LaTeX Font Info:    External font `lmex10' loaded for size
(Font)              <8> on input line 12.
LaTeX Font Info:    External font `lmex10' loaded for size
(Font)              <6> on input line 12.
LaTeX Font Info:    Trying to load font information for U+msa on input line 12.
 (C:\Program Files\MiKTeX\tex/latex/amsfonts\umsa.fd
File: umsa.fd 2013/01/14 v3.01 AMS symbols A
)
LaTeX Font Info:    Trying to load font information for U+msb on input line 12.
 (C:\Program Files\MiKTeX\tex/latex/amsfonts\umsb.fd
File: umsb.fd 2013/01/14 v3.01 AMS symbols B
)
LaTeX Font Info:    Trying to load font information for U+wasy on input line 12.
 (C:\Users\SwapnilBhavsar\AppData\Roaming\MiKTeX\tex/latex/wasysym\uwasy.fd
File: uwasy.fd 2020/01/19 v2.4 Wasy-2 symbol font definitions
)
Package epstopdf Info: Source file: <Bilder/eps/unistuttgart_logo_deutsch_cmyk.eps>
(epstopdf)                    date: 2025-02-23 20:14:08
(epstopdf)                    size: 522710 bytes
(epstopdf)             Output file: <Bilder/eps/unistuttgart_logo_deutsch_cmyk-eps-converted-to.pdf>
(epstopdf)                    date: 2025-02-23 20:14:08
(epstopdf)                    size: 21428 bytes
(epstopdf)             Command: <miktex-epstopdf --outfile=Bilder/eps/unistuttgart_logo_deutsch_cmyk-eps-converted-to.pdf Bilder/eps/unistuttgart_logo_deutsch_cmyk.eps>
(epstopdf)             \includegraphics on input line 14.
Package epstopdf Info: Output file is already uptodate.
<Bilder/eps/unistuttgart_logo_deutsch_cmyk-eps-converted-to.pdf, id=6, 174.6525pt x 37.13875pt>
File: Bilder/eps/unistuttgart_logo_deutsch_cmyk-eps-converted-to.pdf Graphic file (type pdf)
<use Bilder/eps/unistuttgart_logo_deutsch_cmyk-eps-converted-to.pdf>
Package pdftex.def Info: Bilder/eps/unistuttgart_logo_deutsch_cmyk-eps-converted-to.pdf  used on input line 14.
(pdftex.def)             Requested size: 187.3347pt x 39.83368pt.

Overfull \hbox (34.95908pt too wide) in paragraph at lines 8--17
[]$[]$ $[]$ 
 []

LaTeX Font Info:    Trying to load font information for T1+phv on input line 25.
(C:\Users\SwapnilBhavsar\AppData\Roaming\MiKTeX\tex/latex/psnfss\t1phv.fd
File: t1phv.fd 2020/03/25 scalable font definitions for T1/phv.
)

[1
Non-PDF special ignored!
<special> header=psfrag.pro



{C:/Users/SwapnilBhavsar/AppData/Local/MiKTeX/fonts/map/pdftex/pdftex.map}{C:/Program Files/MiKTeX/fonts/enc/dvips/lm/lm-ec.enc}{C:/Program Files/MiKTeX/fonts/enc/dvips/base/8r.enc} <./Bilder/eps/unistuttgart_logo_deutsch_cmyk-eps-converted-to.pdf>])
\openout2 = `Kapitel/Kapitel_Zusammenfassung.aux'.

 (Kapitel/Kapitel_Zusammenfassung.tex
Underfull \hbox (badness 10000) in paragraph at lines 23--25

 []

)


pdfTeX warning (ext4): destination with the same identifier (name{page.I}) has been already used, duplicate ignored
<to be read again> 
                   \relax 
l.68 \include{Kapitel/Kapitel_Zusammenfassung}
                                               [1



] (main.toc

[2



])
\tf@toc=\write6
\openout6 = `main.toc'.



[3]
\openout2 = `Verzeichnis/Formelzeichen.aux'.

 (Verzeichnis/Formelzeichen.tex
chapter without number
)

[4


] (main.lof
Overfull \hbox (17.02602pt too wide) in paragraph at lines 27--27
 [][] []\T1/lmr/m/n/12 Preprocessing block: Foot-step/Back-ground files are pro-cessed through 
 []



[5




]
Overfull \hbox (2.15942pt too wide) in paragraph at lines 44--44
 [][] []\T1/lmr/m/n/12 DAS Con-fig-u-ra-tor Ap-pli-ca-tion de-tec-tions for Ef-fi-cient-Net V2 model 
 []


Overfull \hbox (2.15942pt too wide) in paragraph at lines 45--45
 [][] []\T1/lmr/m/n/12 DAS Con-fig-u-ra-tor Ap-pli-ca-tion de-tec-tions for Ef-fi-cient-Net V2 model 
 []

)
\tf@lof=\write7
\openout7 = `main.lof'.



[6] (main.lol)
\tf@lol=\write8
\openout8 = `main.lol'.



[7


]
\openout2 = `Kapitel/Kapitel_Aufgabenstellung.aux'.

 (Kapitel/Kapitel_Aufgabenstellung.tex)
\openout2 = `Kapitel/Kapitel_1.aux'.

 (Kapitel/Kapitel_1.tex
chapter 1.
<Bilder/jpg/Airport.jpg, id=255, 477.28313pt x 229.60782pt>
File: Bilder/jpg/Airport.jpg Graphic file (type jpg)
<use Bilder/jpg/Airport.jpg>
Package pdftex.def Info: Bilder/jpg/Airport.jpg  used on input line 10.
(pdftex.def)             Requested size: 411.93877pt x 198.17009pt.
<Bilder/jpg/System.jpg, id=260, 554.07pt x 116.68594pt>
File: Bilder/jpg/System.jpg Graphic file (type jpg)
<use Bilder/jpg/System.jpg>
Package pdftex.def Info: Bilder/jpg/System.jpg  used on input line 19.
(pdftex.def)             Requested size: 411.93877pt x 86.75395pt.


[1





 <./Bilder/jpg/Airport.jpg>])

[2 <./Bilder/jpg/System.jpg>]
\openout2 = `Kapitel/Kapitel_2.aux'.

 (Kapitel/Kapitel_2.tex
chapter 2.
<Bilder/jpg/COTDR.jpg, id=278, 259.9311pt x 228.1323pt>
File: Bilder/jpg/COTDR.jpg Graphic file (type jpg)
<use Bilder/jpg/COTDR.jpg>
Package pdftex.def Info: Bilder/jpg/COTDR.jpg  used on input line 17.
(pdftex.def)             Requested size: 288.35587pt x 253.10103pt.

LaTeX Warning: `h' float specifier changed to `ht'.



[3




]
<Bilder/jpg/DAS_Acoustic_Event.jpg, id=287, 1893.2331pt x 633.8079pt>
File: Bilder/jpg/DAS_Acoustic_Event.jpg Graphic file (type jpg)
<use Bilder/jpg/DAS_Acoustic_Event.jpg>
Package pdftex.def Info: Bilder/jpg/DAS_Acoustic_Event.jpg  used on input line 26.
(pdftex.def)             Requested size: 329.55226pt x 110.31844pt.


[4{C:/Program Files/MiKTeX/fonts/enc/dvips/lm/lm-rm.enc}{C:/Program Files/MiKTeX/fonts/enc/dvips/lm/lm-mathit.enc} <./Bilder/jpg/COTDR.jpg> <./Bilder/jpg/DAS_Acoustic_Event.jpg>]
<Bilder/jpg/DAS Waterfall.jpg, id=298, 906.38625pt x 786.94pt>
File: Bilder/jpg/DAS Waterfall.jpg Graphic file (type jpg)
<use Bilder/jpg/DAS Waterfall.jpg>
Package pdftex.def Info: Bilder/jpg/DAS Waterfall.jpg  used on input line 35.
(pdftex.def)             Requested size: 288.35587pt x 250.349pt.

Overfull \hbox (27.44305pt too wide) in paragraph at lines 43--44
\T1/lmr/m/n/12 and the Dig-i-tal Pro-cess-ing Unit(DPU). Fig-ure []2.4[] shows the IU(top) and DPU(bottom)
 []



[5 <./Bilder/jpg/DAS Waterfall.jpg>]
<Bilder/jpg/DAS.jpg, id=308, 409.0482pt x 170.19585pt>
File: Bilder/jpg/DAS.jpg Graphic file (type jpg)
<use Bilder/jpg/DAS.jpg>
Package pdftex.def Info: Bilder/jpg/DAS.jpg  used on input line 47.
(pdftex.def)             Requested size: 411.93877pt x 171.403pt.
<Bilder/jpg/DAS IU Technical Description.png, id=312, 1135.296pt x 419.166pt>
File: Bilder/jpg/DAS IU Technical Description.png Graphic file (type png)
<use Bilder/jpg/DAS IU Technical Description.png>
Package pdftex.def Info: Bilder/jpg/DAS IU Technical Description.png  used on input line 56.
(pdftex.def)             Requested size: 411.93877pt x 152.0893pt.

Overfull \hbox (26.5605pt too wide) in paragraph at lines 61--62
\T1/lmr/m/n/12 con-nected to the DPU(bottom). USB con-nec-tor is also con-nected to the DPU(bottom).
 []



[6 <./Bilder/jpg/DAS.jpg> <./Bilder/jpg/DAS IU Technical Description.png>]
<Bilder/jpg/DAS DPU Rear.png, id=321, 906.7476pt x 520.8258pt>
File: Bilder/jpg/DAS DPU Rear.png Graphic file (type png)
<use Bilder/jpg/DAS DPU Rear.png>
Package pdftex.def Info: Bilder/jpg/DAS DPU Rear.png  used on input line 65.
(pdftex.def)             Requested size: 411.93877pt x 236.61848pt.
LaTeX Font Info:    Trying to load font information for TS1+lmr on input line 75.
 (C:\Program Files\MiKTeX\tex/latex/lm\ts1lmr.fd
File: ts1lmr.fd 2015/05/01 v1.6.1 Font defs for Latin Modern
)

[7{C:/Program Files/MiKTeX/fonts/enc/dvips/lm/lm-ts1.enc} <./Bilder/jpg/DAS DPU Rear.png>]
<Bilder/jpg/DAS_config.jpg, id=332, 745.257pt x 393.105pt>
File: Bilder/jpg/DAS_config.jpg Graphic file (type jpg)
<use Bilder/jpg/DAS_config.jpg>
Package pdftex.def Info: Bilder/jpg/DAS_config.jpg  used on input line 91.
(pdftex.def)             Requested size: 411.93877pt x 217.2881pt.


LaTeX Warning: `h' float specifier changed to `ht'.

<Bilder/jpg/optical_channel.png, id=336, 481.8pt x 394.47375pt>
File: Bilder/jpg/optical_channel.png Graphic file (type png)
<use Bilder/jpg/optical_channel.png>
Package pdftex.def Info: Bilder/jpg/optical_channel.png  used on input line 100.
(pdftex.def)             Requested size: 329.55226pt x 269.82765pt.


[8]

LaTeX Warning: `h' float specifier changed to `ht'.



[9 <./Bilder/jpg/DAS_config.jpg>]

[10 <./Bilder/jpg/optical_channel.png>]

[11]

[12]
Overfull \hbox (18.08325pt too wide) in paragraph at lines 138--152
 [][] 
 []



[13]

[14{C:/Program Files/MiKTeX/fonts/enc/dvips/lm/lm-mathsy.enc}]

[15]

[16]
<Bilder/jpg/Horizontal flip.png, id=403, 1387.584pt x 698.8509pt>
File: Bilder/jpg/Horizontal flip.png Graphic file (type png)
<use Bilder/jpg/Horizontal flip.png>
Package pdftex.def Info: Bilder/jpg/Horizontal flip.png  used on input line 231.
(pdftex.def)             Requested size: 247.16577pt x 124.4761pt.
<Bilder/jpg/amp.png, id=407, 1387.584pt x 698.8509pt>
File: Bilder/jpg/amp.png Graphic file (type png)
<use Bilder/jpg/amp.png>
Package pdftex.def Info: Bilder/jpg/amp.png  used on input line 241.
(pdftex.def)             Requested size: 247.16577pt x 124.4761pt.


[17 <./Bilder/jpg/Horizontal flip.png> <./Bilder/jpg/amp.png>]
<Bilder/jpg/affine.png, id=422, 1387.584pt x 698.8509pt>
File: Bilder/jpg/affine.png Graphic file (type png)
<use Bilder/jpg/affine.png>
Package pdftex.def Info: Bilder/jpg/affine.png  used on input line 251.
(pdftex.def)             Requested size: 247.16577pt x 124.4761pt.
<Bilder/jpg/Noise.png, id=426, 1850.112pt x 959.0229pt>
File: Bilder/jpg/Noise.png Graphic file (type png)
<use Bilder/jpg/Noise.png>
Package pdftex.def Info: Bilder/jpg/Noise.png  used on input line 261.
(pdftex.def)             Requested size: 247.16577pt x 128.11623pt.


[18 <./Bilder/jpg/affine.png> <./Bilder/jpg/Noise.png>]
Overfull \hbox (12.28755pt too wide) in paragraph at lines 275--276
\T1/lmr/m/n/12 tional API con-ven-tions as Py-Torch, al-low-ing seam-less in-te-gra-tion into 'torchvi-
 []



[19]

[20]
Overfull \hbox (4.01003pt too wide) in paragraph at lines 296--297
\T1/lmr/m/n/12 tem-at-i-cally eval-u-ate dif-fer-ent spec-tro-gram pa-ram-e-ters, data-augmentation recipes,
 []


Overfull \hbox (0.48735pt too wide) in paragraph at lines 296--297
\T1/lmr/m/n/12 and back-bone ar-chi-tec-tures, and find that a lightweight vision-transformer slightly
 []

)

[21]
\openout2 = `Kapitel/Kapitel_3.aux'.

 (Kapitel/Kapitel_3.tex
chapter 3.
<Bilder/jpg/energiezentrale.png, id=493, 634.224pt x 399.237pt>
File: Bilder/jpg/energiezentrale.png Graphic file (type png)
<use Bilder/jpg/energiezentrale.png>
Package pdftex.def Info: Bilder/jpg/energiezentrale.png  used on input line 13.
(pdftex.def)             Requested size: 411.93877pt x 259.31212pt.


[22




]

[23 <./Bilder/jpg/energiezentrale.png>]

[24]
\pgf@layerbox@background=\box91
\pgf@layerboxsaved@background=\box92


[25]
<Bilder/jpg/plot_rgb.png, id=531, 1850.112pt x 959.0229pt>
File: Bilder/jpg/plot_rgb.png Graphic file (type png)
<use Bilder/jpg/plot_rgb.png>
Package pdftex.def Info: Bilder/jpg/plot_rgb.png  used on input line 170.
(pdftex.def)             Requested size: 411.93877pt x 213.53192pt.


[26]
<Bilder/jpg/labelme.jpg, id=540, 483.8075pt x 313.17pt>
File: Bilder/jpg/labelme.jpg Graphic file (type jpg)
<use Bilder/jpg/labelme.jpg>
Package pdftex.def Info: Bilder/jpg/labelme.jpg  used on input line 229.
(pdftex.def)             Requested size: 411.93877pt x 266.65926pt.


[27 <./Bilder/jpg/plot_rgb.png>]
Underfull \hbox (badness 1163) in paragraph at lines 274--274
[][][]|\T1/lmr/m/n/12 Pre-pro-cess-ing block: Foot-step/Back-ground files are pro-cessed
 []



[28 <./Bilder/jpg/labelme.jpg>]
<Bilder/jpg/walking_1d.png, id=554, 516.7305pt x 362.0727pt>
File: Bilder/jpg/walking_1d.png Graphic file (type png)
<use Bilder/jpg/walking_1d.png>
Package pdftex.def Info: Bilder/jpg/walking_1d.png  used on input line 282.
(pdftex.def)             Requested size: 288.35587pt x 202.05215pt.


[29 <./Bilder/jpg/walking_1d.png>]
<Bilder/jpg/background_1d.png, id=562, 496.4949pt x 367.8543pt>
File: Bilder/jpg/background_1d.png Graphic file (type png)
<use Bilder/jpg/background_1d.png>
Package pdftex.def Info: Bilder/jpg/background_1d.png  used on input line 291.
(pdftex.def)             Requested size: 288.35587pt x 213.6531pt.
)

[30 <./Bilder/jpg/background_1d.png>]

[31]
\openout2 = `Kapitel/Kapitel_4.aux'.

 (Kapitel/Kapitel_4.tex
chapter 4.
<Bilder/jpg/label.jpg, id=579, 963.6pt x 505.89pt>
File: Bilder/jpg/label.jpg Graphic file (type jpg)
<use Bilder/jpg/label.jpg>
Package pdftex.def Info: Bilder/jpg/label.jpg  used on input line 19.
(pdftex.def)             Requested size: 411.93877pt x 216.2625pt.

LaTeX Warning: `h' float specifier changed to `ht'.



[32




] (C:\Program Files\MiKTeX\tex/latex/listings\lstlang1.sty
File: lstlang1.sty 2024/09/23 1.10c listings language file
)

[33 <./Bilder/jpg/label.jpg>]

[34]

[35]

[36]
<Bilder/jpg/walking_1ch.png, id=678, 1106.4537pt x 722.7pt>
File: Bilder/jpg/walking_1ch.png Graphic file (type png)
<use Bilder/jpg/walking_1ch.png>
Package pdftex.def Info: Bilder/jpg/walking_1ch.png  used on input line 116.
(pdftex.def)             Requested size: 329.55226pt x 215.24576pt.


[37 <./Bilder/jpg/walking_1ch.png>]
<Bilder/jpg/walking_10ch.png, id=686, 1110.7899pt x 722.7pt>
File: Bilder/jpg/walking_10ch.png Graphic file (type png)
<use Bilder/jpg/walking_10ch.png>
Package pdftex.def Info: Bilder/jpg/walking_10ch.png  used on input line 126.
(pdftex.def)             Requested size: 329.55226pt x 214.40767pt.


[38 <./Bilder/jpg/walking_10ch.png>]

[39]

[40]

[41]
Overfull \hbox (5.1624pt too wide) in paragraph at lines 232--234
\T1/lmr/m/n/12 Multiplies the spec-tro-gram ten-sor by a ran-dom fac-tor in the in-ter-val $\OT1/lmr/m/n/12 [0\OML/lmm/m/it/12 :\OT1/lmr/m/n/12 9\OML/lmm/m/it/12 ; \OT1/lmr/m/n/12 1\OML/lmm/m/it/12 :\OT1/lmr/m/n/12 1]$\T1/lmr/m/n/12 ,
 []



[42]
Overfull \hbox (16.13985pt too wide) in paragraph at lines 245--246
[]\T1/lmr/m/n/12 Each aug-men-ta-tion's ap-pli-ca-tion is gated by \T1/lmtt/c/it/12 if torch.rand(1).item() < self.p:
 []

<Bilder/jpg/aug.png, id=792, 867.24pt x 433.62pt>
File: Bilder/jpg/aug.png Graphic file (type png)
<use Bilder/jpg/aug.png>
Package pdftex.def Info: Bilder/jpg/aug.png  used on input line 249.
(pdftex.def)             Requested size: 411.93877pt x 205.97163pt.


[43 <./Bilder/jpg/aug.png>]

[44]

[45]
Overfull \hbox (23.2677pt too wide) in paragraph at lines 313--314
\T1/lmtt/c/it/12 -entnet_-b0.ra_-in1k \T1/lmr/m/n/12 or \T1/lmtt/c/it/12 con-vnextv2_-atto.fcmae_-ft_-in1k\T1/lmr/m/n/12 ) with pre-trained weights,
 []



[46]

[47{C:/Program Files/MiKTeX/fonts/enc/dvips/lm/lm-mathex.enc}]

[48]

[49]

[50]

[51]
Overfull \hbox (29.4911pt too wide) in paragraph at lines 486--487
[]\T1/lmr/m/n/12 Next, the model is setup to (\T1/lmtt/c/it/12 efficientnet_-b0.ra_-in1k \T1/lmr/m/n/12 or \T1/lmtt/c/it/12 con-vnextv2_-atto.fcmae_-
 []

<Bilder/jpg/conv_1d_train.png, id=1034, 1000.2168pt x 330.9966pt>
File: Bilder/jpg/conv_1d_train.png Graphic file (type png)
<use Bilder/jpg/conv_1d_train.png>
Package pdftex.def Info: Bilder/jpg/conv_1d_train.png  used on input line 498.
(pdftex.def)             Requested size: 411.93877pt x 136.32059pt.

LaTeX Warning: `h' float specifier changed to `ht'.



[52]

[53 <./Bilder/jpg/conv_1d_train.png>]
<Bilder/jpg/eff_1d_train.png, id=1049, 1000.2168pt x 330.9966pt>
File: Bilder/jpg/eff_1d_train.png Graphic file (type png)
<use Bilder/jpg/eff_1d_train.png>
Package pdftex.def Info: Bilder/jpg/eff_1d_train.png  used on input line 532.
(pdftex.def)             Requested size: 411.93877pt x 136.32059pt.


[54 <./Bilder/jpg/eff_1d_train.png>]
<Bilder/jpg/conv_2d_train.png, id=1058, 999.4941pt x 330.9966pt>
File: Bilder/jpg/conv_2d_train.png Graphic file (type png)
<use Bilder/jpg/conv_2d_train.png>
Package pdftex.def Info: Bilder/jpg/conv_2d_train.png  used on input line 566.
(pdftex.def)             Requested size: 411.93877pt x 136.4216pt.


[55 <./Bilder/jpg/conv_2d_train.png>]
<Bilder/jpg/eff_2d_train.png, id=1068, 999.4941pt x 330.9966pt>
File: Bilder/jpg/eff_2d_train.png Graphic file (type png)
<use Bilder/jpg/eff_2d_train.png>
Package pdftex.def Info: Bilder/jpg/eff_2d_train.png  used on input line 600.
(pdftex.def)             Requested size: 411.93877pt x 136.4216pt.


[56 <./Bilder/jpg/eff_2d_train.png>]

[57]
<Bilder/jpg/output_graph.png, id=1081, 2822.545pt x 3007.235pt>
File: Bilder/jpg/output_graph.png Graphic file (type png)
<use Bilder/jpg/output_graph.png>
Package pdftex.def Info: Bilder/jpg/output_graph.png  used on input line 640.
(pdftex.def)             Requested size: 411.93877pt x 438.85994pt.


LaTeX Warning: `h' float specifier changed to `ht'.


Overfull \hbox (5.56152pt too wide) in paragraph at lines 645--646
[]\T1/lmr/m/n/12 The \T1/lmtt/c/it/12 spec-tro-gram_-clas-si-fier.execution.aggregator \T1/lmr/m/n/12 and \T1/lmtt/c/it/12 spec-tro-gram_-clas-
 []



[58]

[59 <./Bilder/jpg/output_graph.png>]

[60]

[61])

[62]
\openout2 = `Kapitel/Kapitel_5.aux'.

 (Kapitel/Kapitel_5.tex
chapter 5.


[63




]

[64]
<Bilder/jpg/conv_1d_eval.jpg, id=1235, 765.35938pt x 587.19376pt>
File: Bilder/jpg/conv_1d_eval.jpg Graphic file (type jpg)
<use Bilder/jpg/conv_1d_eval.jpg>
Package pdftex.def Info: Bilder/jpg/conv_1d_eval.jpg  used on input line 49.
(pdftex.def)             Requested size: 370.74237pt x 284.4392pt.


LaTeX Warning: `h' float specifier changed to `ht'.

<Bilder/jpg/conv_2d_eval.jpg, id=1238, 763.85374pt x 605.26125pt>
File: Bilder/jpg/conv_2d_eval.jpg Graphic file (type jpg)
<use Bilder/jpg/conv_2d_eval.jpg>
Package pdftex.def Info: Bilder/jpg/conv_2d_eval.jpg  used on input line 60.
(pdftex.def)             Requested size: 370.74237pt x 293.76376pt.

LaTeX Warning: `h' float specifier changed to `ht'.



[65]

[66 <./Bilder/jpg/conv_1d_eval.jpg>]
<Bilder/jpg/eff_1d_eval.jpg, id=1252, 766.865pt x 587.19376pt>
File: Bilder/jpg/eff_1d_eval.jpg Graphic file (type jpg)
<use Bilder/jpg/eff_1d_eval.jpg>
Package pdftex.def Info: Bilder/jpg/eff_1d_eval.jpg  used on input line 75.
(pdftex.def)             Requested size: 370.74237pt x 283.88368pt.


LaTeX Warning: `h' float specifier changed to `ht'.



[67 <./Bilder/jpg/conv_2d_eval.jpg>]
<Bilder/jpg/eff_2d_eval.jpg, id=1258, 761.84625pt x 604.2575pt>
File: Bilder/jpg/eff_2d_eval.jpg Graphic file (type jpg)
<use Bilder/jpg/eff_2d_eval.jpg>
Package pdftex.def Info: Bilder/jpg/eff_2d_eval.jpg  used on input line 86.
(pdftex.def)             Requested size: 370.74237pt x 294.0511pt.


LaTeX Warning: `h' float specifier changed to `ht'.



[68 <./Bilder/jpg/eff_1d_eval.jpg>]

[69 <./Bilder/jpg/eff_2d_eval.jpg>])

[70]
\openout2 = `Kapitel/Kapitel_6.aux'.

 (Kapitel/Kapitel_6.tex
chapter 6.

Overfull \hbox (18.45026pt too wide) in paragraph at lines 9--10
[]\T1/lmtt/c/it/12 Data Aug-men-ta-tion: \T1/lmr/m/n/12 Dif-fer-ent data aug-men-ta-tion tech-niques such as horizion-
 []



[71




]

[72])

[73]
\openout2 = `Verzeichnis/Verzeichnis_Literatur.aux'.

 (Verzeichnis/Verzeichnis_Literatur.tex (main.bbl
chapter without number


[74




]
Underfull \hbox (badness 10000) in paragraph at lines 81--85
[]\T1/lmr/m/n/12 Encord, ``Clas-si-fi-ca-tion met-rics: Ac-cu-racy, pre-
 []


Underfull \hbox (badness 10000) in paragraph at lines 81--85
\T1/lmr/m/n/12 ci-sion, re-call.'' []$\T1/lmtt/c/it/12 https : / / encord . com / blog /
 []


Underfull \hbox (badness 3240) in paragraph at lines 81--85
\T1/lmtt/c/it/12 classification-[]metrics-[]accuracy-[]precision-[]recall/$[]\T1/lmr/m/n/12 , 2023.  Ac-
 []



[75]

[76]))

[77]
\openout2 = `Kapitel/Kapitel_Erklaerung.aux'.

 (Kapitel/Kapitel_Erklaerung.tex
chapter without number
)

[78




] 
enddocument/afterlastpage (AED): lastpage setting LastPage.
(main.aux (Kapitel/Titel.aux) (Kapitel/Kapitel_Zusammenfassung.aux) (Verzeichnis/Formelzeichen.aux) (Kapitel/Kapitel_Aufgabenstellung.aux) (Kapitel/Kapitel_1.aux) (Kapitel/Kapitel_2.aux) (Kapitel/Kapitel_3.aux) (Kapitel/Kapitel_4.aux) (Kapitel/Kapitel_5.aux) (Kapitel/Kapitel_6.aux) (Verzeichnis/Verzeichnis_Literatur.aux) (Kapitel/Kapitel_Erklaerung.aux))
 ***********
LaTeX2e <2024-11-01> patch level 2
L3 programming layer <2025-01-18>
 ***********


LaTeX Font Warning: Some font shapes were not available, defaults substituted.


LaTeX Warning: There were multiply-defined labels.

Package rerunfilecheck Info: File `main.out' has not changed.
(rerunfilecheck)             Checksum: D41D8CD98F00B204E9800998ECF8427E;0.
 ) 
Here is how much of TeX's memory you used:
 66393 strings out of 473530
 1688603 string characters out of 5724834
 2878953 words of memory out of 5000000
 87961 multiletter control sequences out of 15000+600000
 634850 words of font info for 95 fonts, out of 8000000 for 9000
 1170 hyphenation exceptions out of 8191
 108i,20n,107p,11008b,2793s stack positions out of 10000i,1000n,20000p,200000b,200000s
<C:/Program Files/MiKTeX/fonts/type1/public/lm/lmbx12.pfb><C:/Program Files/MiKTeX/fonts/type1/public/lm/lmcsc10.pfb><C:/Program Files/MiKTeX/fonts/type1/public/lm/lmex10.pfb><C:/Program Files/MiKTeX/fonts/type1/public/lm/lmmi12.pfb><C:/Program Files/MiKTeX/fonts/type1/public/lm/lmmi8.pfb><C:/Program Files/MiKTeX/fonts/type1/public/lm/lmr10.pfb><C:/Program Files/MiKTeX/fonts/type1/public/lm/lmr12.pfb><C:/Program Files/MiKTeX/fonts/type1/public/lm/lmr8.pfb><C:/Program Files/MiKTeX/fonts/type1/public/lm/lmri12.pfb><C:/Program Files/MiKTeX/fonts/type1/public/lm/lmro12.pfb><C:/Program Files/MiKTeX/fonts/type1/public/lm/lmsy10.pfb><C:/Program Files/MiKTeX/fonts/type1/public/lm/lmtt10.pfb><C:/Program Files/MiKTeX/fonts/type1/public/lm/lmtt12.pfb><C:/Program Files/MiKTeX/fonts/type1/urw/helvetic/uhvb8a.pfb>
Output written on main.pdf (86 pages, 31453082 bytes).
PDF statistics:
 1662 PDF objects out of 1728 (max. 8388607)
 682 named destinations out of 1000 (max. 500000)
 514 words of extra memory for PDF output out of 10000 (max. 10000000)

